16:28:33.350 [main                     ] DEBUG Logger               - Configured Logger
16:28:33.395 [main                     ] DEBUG GameApplication      - Logging settings
Title: Simulación SO - NASA Mode
Version: Sim v9.0
Width: 1280
Height: 720
Fullscreen: false
Intro: false
Profiling: false
Single step:false
App Mode: DEVELOPER
Menu Key: ESCAPE
Stage Style: DECORATED
Scene Factory: class main.SpaceOsApp$NasaSceneFactory

16:28:34.242 [JavaFX Application Thread] DEBUG FXGLApplication      - Initializing FXGL
16:28:34.254 [JavaFX Application Thread] INFO  Engine               - FXGL-21.1 (27.03.2024 07.52) on WINDOWS (J:21.0.9 FX:21.0.2)
16:28:34.255 [JavaFX Application Thread] DEBUG Engine               - JRE Vendor Name: Eclipse Adoptium
16:28:34.256 [JavaFX Application Thread] DEBUG Engine               - Running on OS: Windows 10 version 10.0
16:28:34.257 [JavaFX Application Thread] DEBUG Engine               - Architecture: amd64
16:28:34.257 [JavaFX Application Thread] INFO  Engine               - Source code and latest versions at: https://github.com/AlmasB/FXGL
16:28:34.257 [JavaFX Application Thread] INFO  Engine               -       Ask questions and discuss at: https://github.com/AlmasB/FXGL/discussions
16:28:34.258 [JavaFX Application Thread] INFO  Engine               -              Join the FXGL chat at: https://gitter.im/AlmasB/FXGL
16:28:34.642 [JavaFX Application Thread] DEBUG PrimaryStageWindow   - Creating a JavaFX scene
16:28:34.763 [JavaFX Application Thread] DEBUG PrimaryStageWindow   - Target settings size: 1280.0 x 720.0
16:28:34.763 [JavaFX Application Thread] DEBUG PrimaryStageWindow   - Scaled scene size:    1280.0 x 720.0
16:28:34.764 [JavaFX Application Thread] DEBUG PrimaryStageWindow   - Scaled ratio: (1.0, 1.0)
16:28:34.767 [JavaFX Application Thread] DEBUG PrimaryStageWindow   - Set initial scene to FXGLStartupScene
16:28:34.776 [JavaFX Application Thread] DEBUG PrimaryStageWindow   - Opening main window
16:28:36.396 [JavaFX Application Thread] DEBUG PrimaryStageWindow   - Window border size: (16.0, 39.0)
16:28:36.397 [JavaFX Application Thread] DEBUG PrimaryStageWindow   - Scaled size: 1280.0 x 720.0
16:28:36.398 [JavaFX Application Thread] DEBUG PrimaryStageWindow   - Scaled ratio: (1.0, 1.0)
16:28:36.398 [JavaFX Application Thread] DEBUG PrimaryStageWindow   - Scene size: 1280.0 x 720.0
16:28:36.399 [JavaFX Application Thread] DEBUG PrimaryStageWindow   - Stage size: 1296.0 x 759.0
16:28:36.924 [FXGL Background Thread 1 ] DEBUG Engine               - Initializing environment variables
16:28:38.628 [FXGL Background Thread 1 ] DEBUG FXGLAssetLoaderServi - User app class for loading assets: class main.SpaceOsApp
16:28:38.628 [FXGL Background Thread 1 ] DEBUG GameApplicationServi - Applying CSS: fxgl_dark.css
16:28:38.630 [FXGL Background Thread 1 ] DEBUG FXGLAssetLoaderServi - Loading from file system: jar:file:/C:/Users/HP/.gradle/caches/modules-2/files-2.1/com.github.almasb/fxgl/21.1/88c288ebc8641e470d974327703f09f8958e725d/fxgl-21.1.jar!/fxglassets/ui/css/fxgl_dark.css
16:28:39.102 [FXGL Background Thread 1 ] DEBUG GameApplicationServi - Initializing application scenes
16:28:39.705 [FXGL Background Thread 1 ] DEBUG GameWorld            - Game world initialized
16:28:40.307 [FXGL Background Thread 1 ] DEBUG PhysicsWorld         - Physics world initialized: appHeight=720, physics.ppm=50,0
16:28:40.307 [FXGL Background Thread 1 ] DEBUG PhysicsWorld         - Using strategy: BRUTE_FORCE
16:28:40.313 [FXGL Background Thread 1 ] DEBUG GameScene            - Game scene initialized: 1280x720
16:28:40.592 [FXGL Background Thread 1 ] DEBUG FXGL.DefaultMenu     - createMenuBodyGameMenu()
16:28:41.576 [FXGL Background Thread 1 ] DEBUG FXGL.DefaultMenu     - createOptionsMenu()
16:28:41.754 [FXGL Background Thread 1 ] DEBUG FXGLAssetLoaderServi - Loading from file system: jar:file:/C:/Users/HP/.gradle/caches/modules-2/files-2.1/com.github.almasb/fxgl/21.1/88c288ebc8641e470d974327703f09f8958e725d/fxgl-21.1.jar!/fxglassets/textures/particles/smoke.png
16:28:44.001 [FXGL Background Thread 1 ] DEBUG FXGLAssetLoaderServi - Loading from file system: jar:file:/C:/Users/HP/.gradle/caches/modules-2/files-2.1/com.github.almasb/fxgl/21.1/88c288ebc8641e470d974327703f09f8958e725d/fxgl-21.1.jar!/fxglassets/textures/particles/trace_horizontal.png
16:28:44.086 [FXGL Background Thread 1 ] DEBUG GameApplicationServi - Application scenes initialized
16:28:44.391 [FXGL Background Thread 1 ] DEBUG SystemBundleService  - Loading FXGL system data
16:28:44.567 [FXGL Background Thread 1 ] DEBUG FileSystemAccess     - Reading from: C:\Users\HP\IdeaProjects\SistemaOperativo\system\fxgl.bundle
16:28:45.213 [FXGL Background Thread 1 ] DEBUG SystemBundleService  - Bundle FXGL: {}
16:28:45.213 [FXGL Background Thread 1 ] DEBUG UpdaterService       - Checking for updates
16:28:45.220 [FXGL Background Thread 4 ] DEBUG FXGLApplication      - Loading fonts
16:28:45.221 [FXGL Background Thread 4 ] DEBUG FXGLAssetLoaderServi - Loading from file system: jar:file:/C:/Users/HP/.gradle/caches/modules-2/files-2.1/com.github.almasb/fxgl/21.1/88c288ebc8641e470d974327703f09f8958e725d/fxgl-21.1.jar!/fxglassets/ui/fonts/VarelaRound-Regular.ttf
16:28:45.481 [FXGL Background Thread 1 ] DEBUG FXGLApplication      - Loading default localization
16:28:45.484 [FXGL Background Thread 1 ] DEBUG FXGLAssetLoaderServi - Loading from file system: jar:file:/C:/Users/HP/.gradle/caches/modules-2/files-2.1/com.github.almasb/fxgl/21.1/88c288ebc8641e470d974327703f09f8958e725d/fxgl-21.1.jar!/fxglassets/languages/english.lang
16:28:45.923 [FXGL Background Thread 1 ] INFO  FXGLApplication      - FXGL initialization took: 8,999 sec
16:28:45.928 [JavaFX Application Thread] DEBUG FXGLAssetLoaderServi - Loading from file system: jar:file:/C:/Users/HP/.gradle/caches/modules-2/files-2.1/com.github.almasb/fxgl/21.1/88c288ebc8641e470d974327703f09f8958e725d/fxgl-21.1.jar!/fxglassets/textures/fxgl_icon.png
16:28:46.080 [JavaFX Application Thread] DEBUG FXGLAssetLoaderServi - Loading from file system: jar:file:/C:/Users/HP/.gradle/caches/modules-2/files-2.1/com.github.almasb/fxgl/21.1/88c288ebc8641e470d974327703f09f8958e725d/fxgl-21.1.jar!/fxglassets/textures/fxgl_default_cursor.png
16:28:46.245 [JavaFX Application Thread] DEBUG Input                - Registered new binding: Screenshot - CTRL+8
16:28:46.246 [JavaFX Application Thread] DEBUG Input                - Registered new binding: System info dump - CTRL+9
16:28:46.247 [JavaFX Application Thread] DEBUG Input                - Registered new binding: Restart - CTRL+R
16:28:46.249 [JavaFX Application Thread] DEBUG Input                - Registered new binding: Toggle Debug Camera - CTRL+7
16:28:46.255 [JavaFX Application Thread] DEBUG LoopRunner           - Starting loop
16:28:46.255 [JavaFX Application Thread] DEBUG LoopRunner           - Initializing JavaFX AnimationTimerLoop
16:28:46.298 [JavaFX Application Thread] DEBUG GameApplicationServi - Starting new game
16:28:46.299 [JavaFX Application Thread] DEBUG Input                - Clearing active input actions
16:28:46.352 [JavaFX Application Thread] DEBUG GameApplicationServi - Removing overlay from FXGLStartupScene and adding to NasaLoadingScene
16:28:46.354 [JavaFX Application Thread] DEBUG PrimaryStageWindow   - FXGLStartupScene -> NasaLoadingScene
16:28:46.354 [JavaFX Application Thread] DEBUG GameApplicationServi - Clearing previous game
16:28:46.355 [JavaFX Application Thread] DEBUG GameScene            - Clearing game scene
16:28:46.355 [JavaFX Application Thread] DEBUG GameWorld            - Clearing game world
16:28:46.355 [JavaFX Application Thread] DEBUG PhysicsWorld         - Clearing physics world
16:28:46.357 [FXGL Background Thread 1 ] DEBUG FXGLApplication      - Initializing game
16:28:46.393 [FXGL Background Thread 1 ] DEBUG FXGLAssetLoaderServi - Loading from file system: file:/C:/Users/HP/IdeaProjects/SistemaOperativo/build/resources/main/assets/textures/sol.png
16:28:46.785 [FXGL Background Thread 4 ] DEBUG FXGLAssetLoaderServi - Loading from file system: jar:file:/C:/Users/HP/.gradle/caches/modules-2/files-2.1/com.github.almasb/fxgl/21.1/88c288ebc8641e470d974327703f09f8958e725d/fxgl-21.1.jar!/fxglassets/ui/fonts/Abel-Regular.ttf
16:28:46.816 [FXGL Background Thread 4 ] DEBUG FXGLAssetLoaderServi - Loading from file system: jar:file:/C:/Users/HP/.gradle/caches/modules-2/files-2.1/com.github.almasb/fxgl/21.1/88c288ebc8641e470d974327703f09f8958e725d/fxgl-21.1.jar!/fxglassets/ui/fonts/TerminalLandMono-Regular.otf
16:28:46.824 [FXGL Background Thread 1 ] DEBUG FXGLAssetLoaderServi - Loading from file system: file:/C:/Users/HP/IdeaProjects/SistemaOperativo/build/resources/main/assets/textures/planetaReady.png
16:28:46.835 [FXGL Background Thread 4 ] DEBUG FXGLAssetLoaderServi - Loading from file system: jar:file:/C:/Users/HP/.gradle/caches/modules-2/files-2.1/com.github.almasb/fxgl/21.1/88c288ebc8641e470d974327703f09f8958e725d/fxgl-21.1.jar!/fxglassets/ui/fonts/Courier-Prime.ttf
16:28:46.847 [JavaFX Application Thread] DEBUG FXGLApplication      - Registering font factories with UI factory
16:28:46.980 [FXGL Background Thread 1 ] DEBUG FXGLAssetLoaderServi - Loading from file system: file:/C:/Users/HP/IdeaProjects/SistemaOperativo/build/resources/main/assets/textures/agujero_negro.png
16:28:47.223 [FXGL Background Thread 1 ] DEBUG FXGLAssetLoaderServi - Loading from file system: file:/C:/Users/HP/IdeaProjects/SistemaOperativo/build/resources/main/assets/textures/planeta2.png
16:28:47.323 [FXGL Background Thread 1 ] DEBUG FXGLAssetLoaderServi - Loading from file system: file:/C:/Users/HP/IdeaProjects/SistemaOperativo/build/resources/main/assets/textures/estacion_espacial.png
16:28:47.439 [FXGL Background Thread 1 ] DEBUG FXGLAssetLoaderServi - Loading from file system: file:/C:/Users/HP/IdeaProjects/SistemaOperativo/build/resources/main/assets/textures/planeta1.png
16:28:47.559 [FXGL Background Thread 1 ] DEBUG FXGLAssetLoaderServi - Loading from file system: file:/C:/Users/HP/IdeaProjects/SistemaOperativo/build/resources/main/assets/textures/fondo_original.png
16:28:48.219 [FXGL Background Thread 3 ] DEBUG Engine               - Logging environment variables
16:28:48.227 [FXGL Background Thread 3 ] DEBUG Engine               - achievements: []
16:28:48.228 [FXGL Background Thread 3 ] DEBUG Engine               - actualHeight: 720.0
16:28:48.229 [FXGL Background Thread 3 ] DEBUG Engine               - actualHeightProperty: ReadOnlyDoubleProperty [value: 720.0]
16:28:48.229 [FXGL Background Thread 3 ] DEBUG Engine               - actualWidth: 1280.0
16:28:48.230 [FXGL Background Thread 3 ] DEBUG Engine               - actualWidthProperty: ReadOnlyDoubleProperty [value: 1280.0]
16:28:48.230 [FXGL Background Thread 3 ] DEBUG Engine               - appIcon: fxgl_icon.png
16:28:48.230 [FXGL Background Thread 3 ] DEBUG Engine               - applicationMode: DEVELOPER
16:28:48.231 [FXGL Background Thread 3 ] DEBUG Engine               - cSSList: [fxgl_dark.css]
16:28:48.231 [FXGL Background Thread 3 ] DEBUG Engine               - collisionDetectionStrategy: BRUTE_FORCE
16:28:48.232 [FXGL Background Thread 3 ] DEBUG Engine               - configClass: Optional.empty
16:28:48.232 [FXGL Background Thread 3 ] DEBUG Engine               - credits: []
16:28:48.234 [FXGL Background Thread 3 ] DEBUG Engine               - defaultCursor: CursorInfo(imageName=fxgl_default_cursor.png, hotspotX=7.0, hotspotY=6.0)
16:28:48.235 [FXGL Background Thread 3 ] DEBUG Engine               - devBBoxColorProperty: ObjectProperty [value: 0xff0000ff]
16:28:48.235 [FXGL Background Thread 3 ] DEBUG Engine               - devEnableDebugCameraProperty: BooleanProperty [value: false]
16:28:48.235 [FXGL Background Thread 3 ] DEBUG Engine               - devSensorColorProperty: ObjectProperty [value: 0xffff00ff]
16:28:48.236 [FXGL Background Thread 3 ] DEBUG Engine               - devShowBBoxProperty: BooleanProperty [value: false]
16:28:48.236 [FXGL Background Thread 3 ] DEBUG Engine               - devShowPositionProperty: BooleanProperty [value: false]
16:28:48.268 [FXGL Background Thread 3 ] DEBUG Engine               - enabledMenuItems: []
16:28:48.269 [FXGL Background Thread 3 ] DEBUG Engine               - engineServices: [class com.almasb.fxgl.app.services.FXGLAssetLoaderService, class com.almasb.fxgl.app.FXGLApplication$GameApplicationService, class com.almasb.fxgl.app.services.FXGLDialogService, class com.almasb.fxgl.app.services.IOTaskExecutorService, class com.almasb.fxgl.io.FileSystemService, class com.almasb.fxgl.localization.LocalizationService, class com.almasb.fxgl.app.services.SystemBundleService, class com.almasb.fxgl.profile.SaveLoadService, class com.almasb.fxgl.ui.FXGLUIFactoryServiceProvider, class com.almasb.fxgl.ui.FXGLDialogFactoryServiceProvider, class com.almasb.fxgl.audio.AudioPlayer, class com.almasb.fxgl.notification.impl.NotificationServiceProvider, class com.almasb.fxgl.achievement.AchievementService, class com.almasb.fxgl.cutscene.CutsceneService, class com.almasb.fxgl.minigames.MiniGameService, class com.almasb.fxgl.net.NetService, class com.almasb.fxgl.app.services.UpdaterService, class com.almasb.fxgl.dev.DevService]
16:28:48.269 [FXGL Background Thread 3 ] DEBUG Engine               - fontGame: Abel-Regular.ttf
16:28:48.269 [FXGL Background Thread 3 ] DEBUG Engine               - fontMono: TerminalLandMono-Regular.otf
16:28:48.269 [FXGL Background Thread 3 ] DEBUG Engine               - fontSizeScaleUI: 1.0
16:28:48.269 [FXGL Background Thread 3 ] DEBUG Engine               - fontText: Courier-Prime.ttf
16:28:48.269 [FXGL Background Thread 3 ] DEBUG Engine               - fontUI: VarelaRound-Regular.ttf
16:28:48.269 [FXGL Background Thread 3 ] DEBUG Engine               - fullScreen: BooleanProperty [value: false]
16:28:48.269 [FXGL Background Thread 3 ] DEBUG Engine               - gameDifficulty: MEDIUM
16:28:48.270 [FXGL Background Thread 3 ] DEBUG Engine               - gameDifficultyProperty: ObjectProperty [value: MEDIUM]
16:28:48.270 [FXGL Background Thread 3 ] DEBUG Engine               - globalMusicVolume: 0.5
16:28:48.270 [FXGL Background Thread 3 ] DEBUG Engine               - globalMusicVolumeProperty: DoubleProperty [value: 0.5]
16:28:48.270 [FXGL Background Thread 3 ] DEBUG Engine               - globalSoundVolume: 0.5
16:28:48.270 [FXGL Background Thread 3 ] DEBUG Engine               - globalSoundVolumeProperty: DoubleProperty [value: 0.5]
16:28:48.270 [FXGL Background Thread 3 ] DEBUG Engine               - height: 720
16:28:48.270 [FXGL Background Thread 3 ] DEBUG Engine               - is3D: false
16:28:48.270 [FXGL Background Thread 3 ] DEBUG Engine               - isAndroid: false
16:28:48.270 [FXGL Background Thread 3 ] DEBUG Engine               - isBrowser: false
16:28:48.270 [FXGL Background Thread 3 ] DEBUG Engine               - isClickFeedbackEnabled: false
16:28:48.270 [FXGL Background Thread 3 ] DEBUG Engine               - isCloseConfirmation: false
16:28:48.270 [FXGL Background Thread 3 ] DEBUG Engine               - isDesktop: true
16:28:48.270 [FXGL Background Thread 3 ] DEBUG Engine               - isDeveloperMenuEnabled: false
16:28:48.271 [FXGL Background Thread 3 ] DEBUG Engine               - isEmbedded: false
16:28:48.271 [FXGL Background Thread 3 ] DEBUG Engine               - isEntityPreloadEnabled: true
16:28:48.271 [FXGL Background Thread 3 ] DEBUG Engine               - isExperimentalTiledLargeMap: false
16:28:48.271 [FXGL Background Thread 3 ] DEBUG Engine               - isFileSystemWriteAllowed: true
16:28:48.271 [FXGL Background Thread 3 ] DEBUG Engine               - isFullScreenAllowed: false
16:28:48.271 [FXGL Background Thread 3 ] DEBUG Engine               - isFullScreenFromStart: false
16:28:48.271 [FXGL Background Thread 3 ] DEBUG Engine               - isGameMenuEnabled: true
16:28:48.271 [FXGL Background Thread 3 ] DEBUG Engine               - isIOS: false
16:28:48.271 [FXGL Background Thread 3 ] DEBUG Engine               - isIntroEnabled: false
16:28:48.271 [FXGL Background Thread 3 ] DEBUG Engine               - isLinux: false
16:28:48.271 [FXGL Background Thread 3 ] DEBUG Engine               - isMac: false
16:28:48.271 [FXGL Background Thread 3 ] DEBUG Engine               - isMainMenuEnabled: false
16:28:48.271 [FXGL Background Thread 3 ] DEBUG Engine               - isManualResizeEnabled: false
16:28:48.271 [FXGL Background Thread 3 ] DEBUG Engine               - isMobile: false
16:28:48.272 [FXGL Background Thread 3 ] DEBUG Engine               - isNative: false
16:28:48.272 [FXGL Background Thread 3 ] DEBUG Engine               - isPauseMusicWhenMinimized: true
16:28:48.272 [FXGL Background Thread 3 ] DEBUG Engine               - isPreserveResizeRatio: false
16:28:48.272 [FXGL Background Thread 3 ] DEBUG Engine               - isProfilingEnabled: false
16:28:48.272 [FXGL Background Thread 3 ] DEBUG Engine               - isScaleAffectedOnResize: true
16:28:48.272 [FXGL Background Thread 3 ] DEBUG Engine               - isSingleStep: false
16:28:48.272 [FXGL Background Thread 3 ] DEBUG Engine               - isUserProfileEnabled: false
16:28:48.272 [FXGL Background Thread 3 ] DEBUG Engine               - isWindows: true
16:28:48.272 [FXGL Background Thread 3 ] DEBUG Engine               - language: ObjectProperty [value: ENGLISH]
16:28:48.272 [FXGL Background Thread 3 ] DEBUG Engine               - menuKey: ESCAPE
16:28:48.272 [FXGL Background Thread 3 ] DEBUG Engine               - mouseSensitivity: 0.2
16:28:48.272 [FXGL Background Thread 3 ] DEBUG Engine               - notificationViewClass: class com.almasb.fxgl.notification.view.XboxNotificationView
16:28:48.272 [FXGL Background Thread 3 ] DEBUG Engine               - pixelsPerMeter: 50.0
16:28:48.272 [FXGL Background Thread 3 ] DEBUG Engine               - platform: WINDOWS
16:28:48.272 [FXGL Background Thread 3 ] DEBUG Engine               - prefHeightProperty: ReadOnlyDoubleProperty [value: 720.0]
16:28:48.272 [FXGL Background Thread 3 ] DEBUG Engine               - prefWidthProperty: ReadOnlyDoubleProperty [value: 1280.0]
16:28:48.273 [FXGL Background Thread 3 ] DEBUG Engine               - profileDir: profiles/
16:28:48.273 [FXGL Background Thread 3 ] DEBUG Engine               - profileName: StringProperty [value: DEFAULT]
16:28:48.273 [FXGL Background Thread 3 ] DEBUG Engine               - randomSeed: -1
16:28:48.274 [FXGL Background Thread 3 ] DEBUG Engine               - runtimeInfo: RuntimeInfo(platform=WINDOWS, version=21.1, build=27.03.2024 07.52)
16:28:48.274 [FXGL Background Thread 3 ] DEBUG Engine               - saveFileExt: sav
16:28:48.274 [FXGL Background Thread 3 ] DEBUG Engine               - scaledHeightProp$fxgl: DoubleProperty [bound, value: 720.0]
16:28:48.274 [FXGL Background Thread 3 ] DEBUG Engine               - scaledWidthProp$fxgl: DoubleProperty [bound, value: 1280.0]
16:28:48.274 [FXGL Background Thread 3 ] DEBUG Engine               - sceneFactory: main.SpaceOsApp$NasaSceneFactory@3a11d786
16:28:48.274 [FXGL Background Thread 3 ] DEBUG Engine               - secondsIn24h: 60
16:28:48.274 [FXGL Background Thread 3 ] DEBUG Engine               - soundMenuBack: menu/back.wav
16:28:48.275 [FXGL Background Thread 3 ] DEBUG Engine               - soundMenuPress: menu/press.wav
16:28:48.275 [FXGL Background Thread 3 ] DEBUG Engine               - soundMenuSelect: menu/select.wav
16:28:48.275 [FXGL Background Thread 3 ] DEBUG Engine               - soundNotification: core/notification.wav
16:28:48.275 [FXGL Background Thread 3 ] DEBUG Engine               - stageStyle: DECORATED
16:28:48.275 [FXGL Background Thread 3 ] DEBUG Engine               - supportedLanguages: [ENGLISH, FRENCH, GERMAN, HUNGARIAN, RUSSIAN]
16:28:48.275 [FXGL Background Thread 3 ] DEBUG Engine               - ticksPerSecond: -1
16:28:48.275 [FXGL Background Thread 3 ] DEBUG Engine               - title: Simulación SO - NASA Mode
16:28:48.275 [FXGL Background Thread 3 ] DEBUG Engine               - urlGithub: https://github.com/AlmasB/FXGL
16:28:48.275 [FXGL Background Thread 3 ] DEBUG Engine               - urlLeaderboard: http://fxgl-top.herokuapp.com/
16:28:48.275 [FXGL Background Thread 3 ] DEBUG Engine               - urlPOM: https://raw.githubusercontent.com/AlmasB/FXGL/release/README.md
16:28:48.275 [FXGL Background Thread 3 ] DEBUG Engine               - userAppClass: class main.SpaceOsApp
16:28:48.275 [FXGL Background Thread 3 ] DEBUG Engine               - version: Sim v9.0
16:28:48.275 [FXGL Background Thread 3 ] DEBUG Engine               - versionCheckDays: 7
16:28:48.276 [FXGL Background Thread 3 ] DEBUG Engine               - width: 1280
16:28:48.276 [FXGL Background Thread 3 ] DEBUG Engine               - Logging services
16:28:48.276 [FXGL Background Thread 3 ] DEBUG Engine               - class com.almasb.fxgl.app.services.FXGLAssetLoaderService
16:28:48.276 [FXGL Background Thread 3 ] DEBUG Engine               - class com.almasb.fxgl.app.FXGLApplication$GameApplicationService
16:28:48.276 [FXGL Background Thread 3 ] DEBUG Engine               - class com.almasb.fxgl.app.services.FXGLDialogService
16:28:48.276 [FXGL Background Thread 3 ] DEBUG Engine               - class com.almasb.fxgl.app.services.IOTaskExecutorService
16:28:48.276 [FXGL Background Thread 3 ] DEBUG Engine               - class com.almasb.fxgl.io.FileSystemService
16:28:48.276 [FXGL Background Thread 3 ] DEBUG Engine               - class com.almasb.fxgl.localization.LocalizationService
16:28:48.276 [FXGL Background Thread 3 ] DEBUG Engine               - class com.almasb.fxgl.app.services.SystemBundleService
16:28:48.276 [FXGL Background Thread 3 ] DEBUG Engine               - class com.almasb.fxgl.profile.SaveLoadService
16:28:48.276 [FXGL Background Thread 3 ] DEBUG Engine               - class com.almasb.fxgl.ui.FXGLUIFactoryServiceProvider
16:28:48.276 [FXGL Background Thread 3 ] DEBUG Engine               - class com.almasb.fxgl.ui.FXGLDialogFactoryServiceProvider
16:28:48.276 [FXGL Background Thread 3 ] DEBUG Engine               - class com.almasb.fxgl.audio.AudioPlayer
16:28:48.277 [FXGL Background Thread 3 ] DEBUG Engine               - class com.almasb.fxgl.notification.impl.NotificationServiceProvider
16:28:48.277 [FXGL Background Thread 3 ] DEBUG Engine               - class com.almasb.fxgl.achievement.AchievementService
16:28:48.277 [FXGL Background Thread 3 ] DEBUG Engine               - class com.almasb.fxgl.cutscene.CutsceneService
16:28:48.277 [FXGL Background Thread 3 ] DEBUG Engine               - class com.almasb.fxgl.minigames.MiniGameService
16:28:48.277 [FXGL Background Thread 3 ] DEBUG Engine               - class com.almasb.fxgl.net.NetService
16:28:48.277 [FXGL Background Thread 3 ] DEBUG Engine               - class com.almasb.fxgl.app.services.UpdaterService
16:28:48.277 [FXGL Background Thread 3 ] DEBUG Engine               - class com.almasb.fxgl.dev.DevService
16:28:49.871 [FXGL Background Thread 1 ] INFO  FXGLApplication      - Game initialization took: 3,514 sec
16:28:49.872 [JavaFX Application Thread] DEBUG Input                - Clearing active input actions
16:28:49.892 [JavaFX Application Thread] DEBUG GameApplicationServi - Removing overlay from NasaLoadingScene and adding to GameScene
16:28:49.893 [JavaFX Application Thread] DEBUG PrimaryStageWindow   - NasaLoadingScene -> GameScene
16:29:07.740 [JavaFX Application Thread] DEBUG FXGLAssetLoaderServi - Loading from file system: file:/C:/Users/HP/IdeaProjects/SistemaOperativo/build/resources/main/assets/textures/nave_espacial.png
16:29:25.678 [JavaFX Application Thread] DEBUG FXGLApplication      - Exiting FXGL
16:29:25.679 [JavaFX Application Thread] DEBUG LoopRunner           - Stopping loop
16:29:25.679 [JavaFX Application Thread] DEBUG SystemBundleService  - Saving FXGL system data
16:29:25.768 [JavaFX Application Thread] DEBUG FileSystemAccess     - Writing to: C:\Users\HP\IdeaProjects\SistemaOperativo\system\fxgl.bundle
16:29:25.850 [JavaFX Application Thread] DEBUG Async                - Shutting down background threads
16:29:25.851 [JavaFX Application Thread] DEBUG PrimaryStageWindow   - Closing main window
16:29:25.977 [JavaFX Application Thread] DEBUG Logger               - Closing Logger
