16:59:20.353 [main                     ] DEBUG Logger               - Configured Logger
16:59:20.367 [main                     ] DEBUG GameApplication      - Logging settings
Title: SIMULACIÓN DE ORBITADOR DE PROCESOS - v6.0
Version: 6.0.1 Realism Patch
Width: 1280
Height: 720
Fullscreen: false
Intro: false
Profiling: false
Single step:false
App Mode: DEVELOPER
Menu Key: ESCAPE
Stage Style: DECORATED
Scene Factory: class com.almasb.fxgl.app.scene.SceneFactory

16:59:20.916 [JavaFX Application Thread] DEBUG FXGLApplication      - Initializing FXGL
16:59:20.920 [JavaFX Application Thread] INFO  Engine               - FXGL-21.1 (27.03.2024 07.52) on WINDOWS (J:24.0.2 FX:21.0.2)
16:59:20.920 [JavaFX Application Thread] DEBUG Engine               - JRE Vendor Name: Oracle Corporation
16:59:20.920 [JavaFX Application Thread] DEBUG Engine               - Running on OS: Windows 10 version 10.0
16:59:20.920 [JavaFX Application Thread] DEBUG Engine               - Architecture: amd64
16:59:20.920 [JavaFX Application Thread] INFO  Engine               - Source code and latest versions at: https://github.com/AlmasB/FXGL
16:59:20.920 [JavaFX Application Thread] INFO  Engine               -       Ask questions and discuss at: https://github.com/AlmasB/FXGL/discussions
16:59:20.921 [JavaFX Application Thread] INFO  Engine               -              Join the FXGL chat at: https://gitter.im/AlmasB/FXGL
16:59:21.090 [JavaFX Application Thread] DEBUG PrimaryStageWindow   - Creating a JavaFX scene
16:59:21.158 [JavaFX Application Thread] DEBUG PrimaryStageWindow   - Target settings size: 1280.0 x 720.0
16:59:21.158 [JavaFX Application Thread] DEBUG PrimaryStageWindow   - Scaled scene size:    1280.0 x 720.0
16:59:21.158 [JavaFX Application Thread] DEBUG PrimaryStageWindow   - Scaled ratio: (1.0, 1.0)
16:59:21.162 [JavaFX Application Thread] DEBUG PrimaryStageWindow   - Set initial scene to FXGLStartupScene
16:59:21.166 [JavaFX Application Thread] DEBUG PrimaryStageWindow   - Opening main window
16:59:21.335 [JavaFX Application Thread] DEBUG PrimaryStageWindow   - Window border size: (16.0, 39.0)
16:59:21.335 [JavaFX Application Thread] DEBUG PrimaryStageWindow   - Scaled size: 1280.0 x 720.0
16:59:21.335 [JavaFX Application Thread] DEBUG PrimaryStageWindow   - Scaled ratio: (1.0, 1.0)
16:59:21.335 [JavaFX Application Thread] DEBUG PrimaryStageWindow   - Scene size: 1280.0 x 720.0
16:59:21.335 [JavaFX Application Thread] DEBUG PrimaryStageWindow   - Stage size: 1296.0 x 759.0
16:59:21.349 [FXGL Background Thread 1 ] DEBUG Engine               - Initializing environment variables
16:59:21.471 [FXGL Background Thread 1 ] DEBUG FXGLAssetLoaderServi - User app class for loading assets: class main.SpaceOsApp
16:59:21.471 [FXGL Background Thread 1 ] DEBUG GameApplicationServi - Applying CSS: fxgl_dark.css
16:59:21.472 [FXGL Background Thread 1 ] DEBUG FXGLAssetLoaderServi - Loading from file system: jar:file:/C:/Users/M-80-1/.gradle/caches/modules-2/files-2.1/com.github.almasb/fxgl/21.1/88c288ebc8641e470d974327703f09f8958e725d/fxgl-21.1.jar!/fxglassets/ui/css/fxgl_dark.css
16:59:21.555 [FXGL Background Thread 1 ] DEBUG GameApplicationServi - Initializing application scenes
16:59:21.663 [FXGL Background Thread 1 ] DEBUG GameWorld            - Game world initialized
16:59:21.724 [FXGL Background Thread 1 ] DEBUG PhysicsWorld         - Physics world initialized: appHeight=720, physics.ppm=50,0
16:59:21.725 [FXGL Background Thread 1 ] DEBUG PhysicsWorld         - Using strategy: BRUTE_FORCE
16:59:21.735 [FXGL Background Thread 1 ] DEBUG GameScene            - Game scene initialized: 1280x720
16:59:21.754 [FXGL Background Thread 1 ] DEBUG FXGL.DefaultMenu     - createMenuBodyGameMenu()
16:59:21.778 [FXGL Background Thread 1 ] DEBUG FXGL.DefaultMenu     - createOptionsMenu()
16:59:21.790 [FXGL Background Thread 1 ] DEBUG FXGLAssetLoaderServi - Loading from file system: jar:file:/C:/Users/M-80-1/.gradle/caches/modules-2/files-2.1/com.github.almasb/fxgl/21.1/88c288ebc8641e470d974327703f09f8958e725d/fxgl-21.1.jar!/fxglassets/textures/particles/smoke.png
16:59:21.923 [FXGL Background Thread 1 ] DEBUG FXGLAssetLoaderServi - Loading from file system: jar:file:/C:/Users/M-80-1/.gradle/caches/modules-2/files-2.1/com.github.almasb/fxgl/21.1/88c288ebc8641e470d974327703f09f8958e725d/fxgl-21.1.jar!/fxglassets/textures/particles/trace_horizontal.png
16:59:21.957 [FXGL Background Thread 1 ] DEBUG GameApplicationServi - Application scenes initialized
16:59:21.975 [FXGL Background Thread 1 ] DEBUG SystemBundleService  - Loading FXGL system data
16:59:21.983 [FXGL Background Thread 1 ] DEBUG FileSystemAccess     - Reading from: E:\SistemaOperativo\system\fxgl.bundle
16:59:21.990 [FXGL Background Thread 1 ] DEBUG SystemBundleService  - Bundle FXGL: {}
16:59:21.990 [FXGL Background Thread 1 ] DEBUG UpdaterService       - Checking for updates
16:59:21.999 [FXGL Background Thread 1 ] DEBUG FXGLApplication      - Loading default localization
16:59:22.000 [FXGL Background Thread 1 ] DEBUG FXGLAssetLoaderServi - Loading from file system: jar:file:/C:/Users/M-80-1/.gradle/caches/modules-2/files-2.1/com.github.almasb/fxgl/21.1/88c288ebc8641e470d974327703f09f8958e725d/fxgl-21.1.jar!/fxglassets/languages/english.lang
16:59:22.002 [FXGL Background Thread 4 ] DEBUG FXGLApplication      - Loading fonts
16:59:22.006 [FXGL Background Thread 4 ] DEBUG FXGLAssetLoaderServi - Loading from file system: jar:file:/C:/Users/M-80-1/.gradle/caches/modules-2/files-2.1/com.github.almasb/fxgl/21.1/88c288ebc8641e470d974327703f09f8958e725d/fxgl-21.1.jar!/fxglassets/ui/fonts/VarelaRound-Regular.ttf
16:59:22.055 [FXGL Background Thread 1 ] INFO  FXGLApplication      - FXGL initialization took: 0,706 sec
16:59:22.066 [JavaFX Application Thread] DEBUG FXGLAssetLoaderServi - Loading from file system: jar:file:/C:/Users/M-80-1/.gradle/caches/modules-2/files-2.1/com.github.almasb/fxgl/21.1/88c288ebc8641e470d974327703f09f8958e725d/fxgl-21.1.jar!/fxglassets/textures/fxgl_icon.png
16:59:22.088 [JavaFX Application Thread] DEBUG FXGLAssetLoaderServi - Loading from file system: jar:file:/C:/Users/M-80-1/.gradle/caches/modules-2/files-2.1/com.github.almasb/fxgl/21.1/88c288ebc8641e470d974327703f09f8958e725d/fxgl-21.1.jar!/fxglassets/textures/fxgl_default_cursor.png
16:59:22.102 [JavaFX Application Thread] DEBUG Input                - Registered new binding: Screenshot - CTRL+8
16:59:22.102 [JavaFX Application Thread] DEBUG Input                - Registered new binding: System info dump - CTRL+9
16:59:22.103 [JavaFX Application Thread] DEBUG Input                - Registered new binding: Restart - CTRL+R
16:59:22.103 [JavaFX Application Thread] DEBUG Input                - Registered new binding: Toggle Debug Camera - CTRL+7
16:59:22.107 [JavaFX Application Thread] DEBUG LoopRunner           - Starting loop
16:59:22.108 [JavaFX Application Thread] DEBUG LoopRunner           - Initializing JavaFX AnimationTimerLoop
16:59:22.113 [JavaFX Application Thread] DEBUG GameApplicationServi - Starting new game
16:59:22.113 [JavaFX Application Thread] DEBUG Input                - Clearing active input actions
16:59:22.138 [JavaFX Application Thread] DEBUG GameApplicationServi - Removing overlay from FXGLStartupScene and adding to FXGLLoadingScene
16:59:22.138 [JavaFX Application Thread] DEBUG PrimaryStageWindow   - FXGLStartupScene -> FXGLLoadingScene
16:59:22.138 [JavaFX Application Thread] DEBUG GameApplicationServi - Clearing previous game
16:59:22.138 [JavaFX Application Thread] DEBUG GameScene            - Clearing game scene
16:59:22.139 [JavaFX Application Thread] DEBUG GameWorld            - Clearing game world
16:59:22.139 [JavaFX Application Thread] DEBUG PhysicsWorld         - Clearing physics world
16:59:22.140 [FXGL Background Thread 1 ] DEBUG FXGLApplication      - Initializing game
16:59:22.215 [FXGL Background Thread 4 ] DEBUG FXGLAssetLoaderServi - Loading from file system: jar:file:/C:/Users/M-80-1/.gradle/caches/modules-2/files-2.1/com.github.almasb/fxgl/21.1/88c288ebc8641e470d974327703f09f8958e725d/fxgl-21.1.jar!/fxglassets/ui/fonts/Abel-Regular.ttf
16:59:22.282 [FXGL Background Thread 4 ] DEBUG FXGLAssetLoaderServi - Loading from file system: jar:file:/C:/Users/M-80-1/.gradle/caches/modules-2/files-2.1/com.github.almasb/fxgl/21.1/88c288ebc8641e470d974327703f09f8958e725d/fxgl-21.1.jar!/fxglassets/ui/fonts/TerminalLandMono-Regular.otf
16:59:22.357 [FXGL Background Thread 4 ] DEBUG FXGLAssetLoaderServi - Loading from file system: jar:file:/C:/Users/M-80-1/.gradle/caches/modules-2/files-2.1/com.github.almasb/fxgl/21.1/88c288ebc8641e470d974327703f09f8958e725d/fxgl-21.1.jar!/fxglassets/ui/fonts/Courier-Prime.ttf
16:59:22.448 [FXGL Background Thread 1 ] WARN  FXGLAssetLoaderServi - Asset "/assets/textures/fondo_espacio_realista.jpg" was not found!
16:59:22.449 [FXGL Background Thread 1 ] WARN  FXGLAssetLoaderServi - Failed to load IMAGE
16:59:22.472 [JavaFX Application Thread] DEBUG FXGLApplication      - Registering font factories with UI factory
16:59:22.556 [FXGL Background Thread 1 ] INFO  FXGLApplication      - Game initialization took: 0,416 sec
16:59:22.558 [JavaFX Application Thread] DEBUG Input                - Clearing active input actions
16:59:22.573 [JavaFX Application Thread] DEBUG GameApplicationServi - Removing overlay from FXGLLoadingScene and adding to GameScene
16:59:22.573 [JavaFX Application Thread] DEBUG PrimaryStageWindow   - FXGLLoadingScene -> GameScene
16:59:24.997 [FXGL Background Thread 3 ] DEBUG Engine               - Logging environment variables
16:59:24.997 [FXGL Background Thread 3 ] DEBUG Engine               - achievements: []
16:59:24.997 [FXGL Background Thread 3 ] DEBUG Engine               - actualHeight: 720.0
16:59:24.997 [FXGL Background Thread 3 ] DEBUG Engine               - actualHeightProperty: ReadOnlyDoubleProperty [value: 720.0]
16:59:24.997 [FXGL Background Thread 3 ] DEBUG Engine               - actualWidth: 1280.0
16:59:24.998 [FXGL Background Thread 3 ] DEBUG Engine               - actualWidthProperty: ReadOnlyDoubleProperty [value: 1280.0]
16:59:24.998 [FXGL Background Thread 3 ] DEBUG Engine               - appIcon: fxgl_icon.png
16:59:24.998 [FXGL Background Thread 3 ] DEBUG Engine               - applicationMode: DEVELOPER
16:59:24.998 [FXGL Background Thread 3 ] DEBUG Engine               - cSSList: [fxgl_dark.css]
16:59:24.998 [FXGL Background Thread 3 ] DEBUG Engine               - collisionDetectionStrategy: BRUTE_FORCE
16:59:24.998 [FXGL Background Thread 3 ] DEBUG Engine               - configClass: Optional.empty
16:59:24.998 [FXGL Background Thread 3 ] DEBUG Engine               - credits: []
16:59:24.998 [FXGL Background Thread 3 ] DEBUG Engine               - defaultCursor: CursorInfo(imageName=fxgl_default_cursor.png, hotspotX=7.0, hotspotY=6.0)
16:59:24.998 [FXGL Background Thread 3 ] DEBUG Engine               - devBBoxColorProperty: ObjectProperty [value: 0xff0000ff]
16:59:24.998 [FXGL Background Thread 3 ] DEBUG Engine               - devEnableDebugCameraProperty: BooleanProperty [value: false]
16:59:24.999 [FXGL Background Thread 3 ] DEBUG Engine               - devSensorColorProperty: ObjectProperty [value: 0xffff00ff]
16:59:24.999 [FXGL Background Thread 3 ] DEBUG Engine               - devShowBBoxProperty: BooleanProperty [value: false]
16:59:24.999 [FXGL Background Thread 3 ] DEBUG Engine               - devShowPositionProperty: BooleanProperty [value: false]
16:59:24.999 [FXGL Background Thread 3 ] DEBUG Engine               - enabledMenuItems: []
16:59:24.999 [FXGL Background Thread 3 ] DEBUG Engine               - engineServices: [class com.almasb.fxgl.app.services.FXGLAssetLoaderService, class com.almasb.fxgl.app.FXGLApplication$GameApplicationService, class com.almasb.fxgl.app.services.FXGLDialogService, class com.almasb.fxgl.app.services.IOTaskExecutorService, class com.almasb.fxgl.io.FileSystemService, class com.almasb.fxgl.localization.LocalizationService, class com.almasb.fxgl.app.services.SystemBundleService, class com.almasb.fxgl.profile.SaveLoadService, class com.almasb.fxgl.ui.FXGLUIFactoryServiceProvider, class com.almasb.fxgl.ui.FXGLDialogFactoryServiceProvider, class com.almasb.fxgl.audio.AudioPlayer, class com.almasb.fxgl.notification.impl.NotificationServiceProvider, class com.almasb.fxgl.achievement.AchievementService, class com.almasb.fxgl.cutscene.CutsceneService, class com.almasb.fxgl.minigames.MiniGameService, class com.almasb.fxgl.net.NetService, class com.almasb.fxgl.app.services.UpdaterService, class com.almasb.fxgl.dev.DevService]
16:59:24.999 [FXGL Background Thread 3 ] DEBUG Engine               - fontGame: Abel-Regular.ttf
16:59:24.999 [FXGL Background Thread 3 ] DEBUG Engine               - fontMono: TerminalLandMono-Regular.otf
16:59:24.999 [FXGL Background Thread 3 ] DEBUG Engine               - fontSizeScaleUI: 1.0
16:59:24.999 [FXGL Background Thread 3 ] DEBUG Engine               - fontText: Courier-Prime.ttf
16:59:24.999 [FXGL Background Thread 3 ] DEBUG Engine               - fontUI: VarelaRound-Regular.ttf
16:59:24.999 [FXGL Background Thread 3 ] DEBUG Engine               - fullScreen: BooleanProperty [value: false]
16:59:24.999 [FXGL Background Thread 3 ] DEBUG Engine               - gameDifficulty: MEDIUM
16:59:24.999 [FXGL Background Thread 3 ] DEBUG Engine               - gameDifficultyProperty: ObjectProperty [value: MEDIUM]
16:59:24.999 [FXGL Background Thread 3 ] DEBUG Engine               - globalMusicVolume: 0.5
16:59:24.999 [FXGL Background Thread 3 ] DEBUG Engine               - globalMusicVolumeProperty: DoubleProperty [value: 0.5]
16:59:24.999 [FXGL Background Thread 3 ] DEBUG Engine               - globalSoundVolume: 0.5
16:59:24.999 [FXGL Background Thread 3 ] DEBUG Engine               - globalSoundVolumeProperty: DoubleProperty [value: 0.5]
16:59:24.999 [FXGL Background Thread 3 ] DEBUG Engine               - height: 720
16:59:24.999 [FXGL Background Thread 3 ] DEBUG Engine               - is3D: false
16:59:25.000 [FXGL Background Thread 3 ] DEBUG Engine               - isAndroid: false
16:59:25.000 [FXGL Background Thread 3 ] DEBUG Engine               - isBrowser: false
16:59:25.000 [FXGL Background Thread 3 ] DEBUG Engine               - isClickFeedbackEnabled: false
16:59:25.000 [FXGL Background Thread 3 ] DEBUG Engine               - isCloseConfirmation: false
16:59:25.000 [FXGL Background Thread 3 ] DEBUG Engine               - isDesktop: true
16:59:25.000 [FXGL Background Thread 3 ] DEBUG Engine               - isDeveloperMenuEnabled: false
16:59:25.000 [FXGL Background Thread 3 ] DEBUG Engine               - isEmbedded: false
16:59:25.000 [FXGL Background Thread 3 ] DEBUG Engine               - isEntityPreloadEnabled: true
16:59:25.000 [FXGL Background Thread 3 ] DEBUG Engine               - isExperimentalTiledLargeMap: false
16:59:25.000 [FXGL Background Thread 3 ] DEBUG Engine               - isFileSystemWriteAllowed: true
16:59:25.000 [FXGL Background Thread 3 ] DEBUG Engine               - isFullScreenAllowed: false
16:59:25.000 [FXGL Background Thread 3 ] DEBUG Engine               - isFullScreenFromStart: false
16:59:25.000 [FXGL Background Thread 3 ] DEBUG Engine               - isGameMenuEnabled: true
16:59:25.000 [FXGL Background Thread 3 ] DEBUG Engine               - isIOS: false
16:59:25.000 [FXGL Background Thread 3 ] DEBUG Engine               - isIntroEnabled: false
16:59:25.000 [FXGL Background Thread 3 ] DEBUG Engine               - isLinux: false
16:59:25.000 [FXGL Background Thread 3 ] DEBUG Engine               - isMac: false
16:59:25.000 [FXGL Background Thread 3 ] DEBUG Engine               - isMainMenuEnabled: false
16:59:25.000 [FXGL Background Thread 3 ] DEBUG Engine               - isManualResizeEnabled: false
16:59:25.000 [FXGL Background Thread 3 ] DEBUG Engine               - isMobile: false
16:59:25.001 [FXGL Background Thread 3 ] DEBUG Engine               - isNative: false
16:59:25.001 [FXGL Background Thread 3 ] DEBUG Engine               - isPauseMusicWhenMinimized: true
16:59:25.001 [FXGL Background Thread 3 ] DEBUG Engine               - isPreserveResizeRatio: false
16:59:25.001 [FXGL Background Thread 3 ] DEBUG Engine               - isProfilingEnabled: false
16:59:25.001 [FXGL Background Thread 3 ] DEBUG Engine               - isScaleAffectedOnResize: true
16:59:25.001 [FXGL Background Thread 3 ] DEBUG Engine               - isSingleStep: false
16:59:25.001 [FXGL Background Thread 3 ] DEBUG Engine               - isUserProfileEnabled: false
16:59:25.001 [FXGL Background Thread 3 ] DEBUG Engine               - isWindows: true
16:59:25.001 [FXGL Background Thread 3 ] DEBUG Engine               - language: ObjectProperty [value: ENGLISH]
16:59:25.001 [FXGL Background Thread 3 ] DEBUG Engine               - menuKey: ESCAPE
16:59:25.001 [FXGL Background Thread 3 ] DEBUG Engine               - mouseSensitivity: 0.2
16:59:25.001 [FXGL Background Thread 3 ] DEBUG Engine               - notificationViewClass: class com.almasb.fxgl.notification.view.XboxNotificationView
16:59:25.001 [FXGL Background Thread 3 ] DEBUG Engine               - pixelsPerMeter: 50.0
16:59:25.001 [FXGL Background Thread 3 ] DEBUG Engine               - platform: WINDOWS
16:59:25.001 [FXGL Background Thread 3 ] DEBUG Engine               - prefHeightProperty: ReadOnlyDoubleProperty [value: 720.0]
16:59:25.001 [FXGL Background Thread 3 ] DEBUG Engine               - prefWidthProperty: ReadOnlyDoubleProperty [value: 1280.0]
16:59:25.001 [FXGL Background Thread 3 ] DEBUG Engine               - profileDir: profiles/
16:59:25.001 [FXGL Background Thread 3 ] DEBUG Engine               - profileName: StringProperty [value: DEFAULT]
16:59:25.001 [FXGL Background Thread 3 ] DEBUG Engine               - randomSeed: -1
16:59:25.002 [FXGL Background Thread 3 ] DEBUG Engine               - runtimeInfo: RuntimeInfo(platform=WINDOWS, version=21.1, build=27.03.2024 07.52)
16:59:25.002 [FXGL Background Thread 3 ] DEBUG Engine               - saveFileExt: sav
16:59:25.002 [FXGL Background Thread 3 ] DEBUG Engine               - scaledHeightProp$fxgl: DoubleProperty [bound, value: 720.0]
16:59:25.002 [FXGL Background Thread 3 ] DEBUG Engine               - scaledWidthProp$fxgl: DoubleProperty [bound, value: 1280.0]
16:59:25.002 [FXGL Background Thread 3 ] DEBUG Engine               - sceneFactory: com.almasb.fxgl.app.scene.SceneFactory@da3c012
16:59:25.002 [FXGL Background Thread 3 ] DEBUG Engine               - secondsIn24h: 60
16:59:25.002 [FXGL Background Thread 3 ] DEBUG Engine               - soundMenuBack: menu/back.wav
16:59:25.002 [FXGL Background Thread 3 ] DEBUG Engine               - soundMenuPress: menu/press.wav
16:59:25.002 [FXGL Background Thread 3 ] DEBUG Engine               - soundMenuSelect: menu/select.wav
16:59:25.002 [FXGL Background Thread 3 ] DEBUG Engine               - soundNotification: core/notification.wav
16:59:25.002 [FXGL Background Thread 3 ] DEBUG Engine               - stageStyle: DECORATED
16:59:25.002 [FXGL Background Thread 3 ] DEBUG Engine               - supportedLanguages: [ENGLISH, FRENCH, GERMAN, HUNGARIAN, RUSSIAN]
16:59:25.002 [FXGL Background Thread 3 ] DEBUG Engine               - ticksPerSecond: -1
16:59:25.002 [FXGL Background Thread 3 ] DEBUG Engine               - title: SIMULACIÓN DE ORBITADOR DE PROCESOS - v6.0
16:59:25.002 [FXGL Background Thread 3 ] DEBUG Engine               - urlGithub: https://github.com/AlmasB/FXGL
16:59:25.002 [FXGL Background Thread 3 ] DEBUG Engine               - urlLeaderboard: http://fxgl-top.herokuapp.com/
16:59:25.002 [FXGL Background Thread 3 ] DEBUG Engine               - urlPOM: https://raw.githubusercontent.com/AlmasB/FXGL/release/README.md
16:59:25.002 [FXGL Background Thread 3 ] DEBUG Engine               - userAppClass: class main.SpaceOsApp
16:59:25.002 [FXGL Background Thread 3 ] DEBUG Engine               - version: 6.0.1 Realism Patch
16:59:25.003 [FXGL Background Thread 3 ] DEBUG Engine               - versionCheckDays: 7
16:59:25.003 [FXGL Background Thread 3 ] DEBUG Engine               - width: 1280
16:59:25.003 [FXGL Background Thread 3 ] DEBUG Engine               - Logging services
16:59:25.003 [FXGL Background Thread 3 ] DEBUG Engine               - class com.almasb.fxgl.app.services.FXGLAssetLoaderService
16:59:25.003 [FXGL Background Thread 3 ] DEBUG Engine               - class com.almasb.fxgl.app.FXGLApplication$GameApplicationService
16:59:25.003 [FXGL Background Thread 3 ] DEBUG Engine               - class com.almasb.fxgl.app.services.FXGLDialogService
16:59:25.003 [FXGL Background Thread 3 ] DEBUG Engine               - class com.almasb.fxgl.app.services.IOTaskExecutorService
16:59:25.003 [FXGL Background Thread 3 ] DEBUG Engine               - class com.almasb.fxgl.io.FileSystemService
16:59:25.003 [FXGL Background Thread 3 ] DEBUG Engine               - class com.almasb.fxgl.localization.LocalizationService
16:59:25.003 [FXGL Background Thread 3 ] DEBUG Engine               - class com.almasb.fxgl.app.services.SystemBundleService
16:59:25.003 [FXGL Background Thread 3 ] DEBUG Engine               - class com.almasb.fxgl.profile.SaveLoadService
16:59:25.003 [FXGL Background Thread 3 ] DEBUG Engine               - class com.almasb.fxgl.ui.FXGLUIFactoryServiceProvider
16:59:25.003 [FXGL Background Thread 3 ] DEBUG Engine               - class com.almasb.fxgl.ui.FXGLDialogFactoryServiceProvider
16:59:25.003 [FXGL Background Thread 3 ] DEBUG Engine               - class com.almasb.fxgl.audio.AudioPlayer
16:59:25.003 [FXGL Background Thread 3 ] DEBUG Engine               - class com.almasb.fxgl.notification.impl.NotificationServiceProvider
16:59:25.003 [FXGL Background Thread 3 ] DEBUG Engine               - class com.almasb.fxgl.achievement.AchievementService
16:59:25.003 [FXGL Background Thread 3 ] DEBUG Engine               - class com.almasb.fxgl.cutscene.CutsceneService
16:59:25.003 [FXGL Background Thread 3 ] DEBUG Engine               - class com.almasb.fxgl.minigames.MiniGameService
16:59:25.003 [FXGL Background Thread 3 ] DEBUG Engine               - class com.almasb.fxgl.net.NetService
16:59:25.003 [FXGL Background Thread 3 ] DEBUG Engine               - class com.almasb.fxgl.app.services.UpdaterService
16:59:25.003 [FXGL Background Thread 3 ] DEBUG Engine               - class com.almasb.fxgl.dev.DevService
17:00:07.573 [JavaFX Application Thread] DEBUG FXGLApplication      - Exiting FXGL
17:00:07.573 [JavaFX Application Thread] DEBUG LoopRunner           - Stopping loop
17:00:07.573 [JavaFX Application Thread] DEBUG SystemBundleService  - Saving FXGL system data
17:00:07.575 [JavaFX Application Thread] DEBUG FileSystemAccess     - Writing to: E:\SistemaOperativo\system\fxgl.bundle
17:00:07.577 [JavaFX Application Thread] DEBUG Async                - Shutting down background threads
17:00:07.577 [JavaFX Application Thread] DEBUG PrimaryStageWindow   - Closing main window
17:00:07.587 [JavaFX Application Thread] DEBUG Logger               - Closing Logger
