17:51:41.080 [main                     ] DEBUG Logger               - Configured Logger
17:51:41.107 [main                     ] DEBUG GameApplication      - Logging settings
Title: GalaxyOS - Command Center
Version: 6.0
Width: 1280
Height: 720
Fullscreen: false
Intro: false
Profiling: false
Single step:false
App Mode: DEVELOPER
Menu Key: ESCAPE
Stage Style: DECORATED
Scene Factory: class com.almasb.fxgl.app.scene.SceneFactory

17:51:44.900 [JavaFX Application Thread] DEBUG FXGLApplication      - Initializing FXGL
17:51:44.904 [JavaFX Application Thread] INFO  Engine               - FXGL-21.1 (27.03.2024 07.52) on WINDOWS (J:21.0.9 FX:21.0.2)
17:51:44.925 [JavaFX Application Thread] DEBUG Engine               - JRE Vendor Name: Eclipse Adoptium
17:51:44.926 [JavaFX Application Thread] DEBUG Engine               - Running on OS: Windows 10 version 10.0
17:51:44.926 [JavaFX Application Thread] DEBUG Engine               - Architecture: amd64
17:51:44.927 [JavaFX Application Thread] INFO  Engine               - Source code and latest versions at: https://github.com/AlmasB/FXGL
17:51:44.927 [JavaFX Application Thread] INFO  Engine               -       Ask questions and discuss at: https://github.com/AlmasB/FXGL/discussions
17:51:44.927 [JavaFX Application Thread] INFO  Engine               -              Join the FXGL chat at: https://gitter.im/AlmasB/FXGL
17:51:45.075 [JavaFX Application Thread] DEBUG PrimaryStageWindow   - Creating a JavaFX scene
17:51:46.015 [JavaFX Application Thread] DEBUG PrimaryStageWindow   - Target settings size: 1280.0 x 720.0
17:51:46.015 [JavaFX Application Thread] DEBUG PrimaryStageWindow   - Scaled scene size:    1280.0 x 720.0
17:51:46.016 [JavaFX Application Thread] DEBUG PrimaryStageWindow   - Scaled ratio: (1.0, 1.0)
17:51:46.017 [JavaFX Application Thread] DEBUG PrimaryStageWindow   - Set initial scene to FXGLStartupScene
17:51:46.020 [JavaFX Application Thread] DEBUG PrimaryStageWindow   - Opening main window
17:51:46.875 [JavaFX Application Thread] DEBUG PrimaryStageWindow   - Window border size: (16.0, 40.0)
17:51:46.878 [JavaFX Application Thread] DEBUG PrimaryStageWindow   - Scaled size: 1280.0 x 720.0
17:51:46.880 [JavaFX Application Thread] DEBUG PrimaryStageWindow   - Scaled ratio: (1.0, 1.0)
17:51:46.880 [JavaFX Application Thread] DEBUG PrimaryStageWindow   - Scene size: 1280.0 x 720.0
17:51:46.881 [JavaFX Application Thread] DEBUG PrimaryStageWindow   - Stage size: 1296.0 x 760.0
17:51:46.897 [FXGL Background Thread 1 ] DEBUG Engine               - Initializing environment variables
17:51:46.957 [FXGL Background Thread 1 ] DEBUG FXGLAssetLoaderServi - User app class for loading assets: class main.SpaceOsApp
17:51:46.957 [FXGL Background Thread 1 ] DEBUG GameApplicationServi - Applying CSS: fxgl_dark.css
17:51:46.958 [FXGL Background Thread 1 ] DEBUG FXGLAssetLoaderServi - Loading from file system: jar:file:/C:/Users/M-80-1/.gradle/caches/modules-2/files-2.1/com.github.almasb/fxgl/21.1/88c288ebc8641e470d974327703f09f8958e725d/fxgl-21.1.jar!/fxglassets/ui/css/fxgl_dark.css
17:51:47.036 [FXGL Background Thread 1 ] DEBUG GameApplicationServi - Initializing application scenes
17:51:47.143 [FXGL Background Thread 1 ] DEBUG GameWorld            - Game world initialized
17:51:47.238 [FXGL Background Thread 1 ] DEBUG PhysicsWorld         - Physics world initialized: appHeight=720, physics.ppm=50.0
17:51:47.238 [FXGL Background Thread 1 ] DEBUG PhysicsWorld         - Using strategy: BRUTE_FORCE
17:51:47.243 [FXGL Background Thread 1 ] DEBUG GameScene            - Game scene initialized: 1280x720
17:51:47.260 [FXGL Background Thread 1 ] DEBUG FXGL.DefaultMenu     - createMenuBodyGameMenu()
17:51:47.285 [FXGL Background Thread 1 ] DEBUG FXGL.DefaultMenu     - createOptionsMenu()
17:51:47.298 [FXGL Background Thread 1 ] DEBUG FXGLAssetLoaderServi - Loading from file system: jar:file:/C:/Users/M-80-1/.gradle/caches/modules-2/files-2.1/com.github.almasb/fxgl/21.1/88c288ebc8641e470d974327703f09f8958e725d/fxgl-21.1.jar!/fxglassets/textures/particles/smoke.png
17:51:47.412 [FXGL Background Thread 1 ] DEBUG FXGLAssetLoaderServi - Loading from file system: jar:file:/C:/Users/M-80-1/.gradle/caches/modules-2/files-2.1/com.github.almasb/fxgl/21.1/88c288ebc8641e470d974327703f09f8958e725d/fxgl-21.1.jar!/fxglassets/textures/particles/trace_horizontal.png
17:51:47.438 [FXGL Background Thread 1 ] DEBUG GameApplicationServi - Application scenes initialized
17:51:47.457 [FXGL Background Thread 1 ] DEBUG SystemBundleService  - Loading FXGL system data
17:51:47.459 [FXGL Background Thread 1 ] WARN  SystemBundleService  - Failed to load: java.io.FileNotFoundException: C:\Users\M-80-1\Downloads\programación0.3\SistemaOperativo\system\fxgl.bundle (El sistema no puede encontrar el archivo especificado)
17:51:47.459 [FXGL Background Thread 1 ] DEBUG SystemBundleService  - Loading default FXGL system data
17:51:47.460 [FXGL Background Thread 1 ] DEBUG UpdaterService       - Checking for updates
17:51:47.465 [FXGL Background Thread 1 ] DEBUG FXGLApplication      - Loading default localization
17:51:47.466 [FXGL Background Thread 1 ] DEBUG FXGLAssetLoaderServi - Loading from file system: jar:file:/C:/Users/M-80-1/.gradle/caches/modules-2/files-2.1/com.github.almasb/fxgl/21.1/88c288ebc8641e470d974327703f09f8958e725d/fxgl-21.1.jar!/fxglassets/languages/english.lang
17:51:47.493 [FXGL Background Thread 1 ] INFO  FXGLApplication      - FXGL initialization took: 0.595 sec
17:51:47.494 [JavaFX Application Thread] DEBUG FXGLAssetLoaderServi - Loading from file system: jar:file:/C:/Users/M-80-1/.gradle/caches/modules-2/files-2.1/com.github.almasb/fxgl/21.1/88c288ebc8641e470d974327703f09f8958e725d/fxgl-21.1.jar!/fxglassets/textures/fxgl_icon.png
17:51:47.512 [FXGL Background Thread 4 ] DEBUG FXGLApplication      - Loading fonts
17:51:47.512 [FXGL Background Thread 4 ] DEBUG FXGLAssetLoaderServi - Loading from file system: jar:file:/C:/Users/M-80-1/.gradle/caches/modules-2/files-2.1/com.github.almasb/fxgl/21.1/88c288ebc8641e470d974327703f09f8958e725d/fxgl-21.1.jar!/fxglassets/ui/fonts/VarelaRound-Regular.ttf
17:51:47.564 [JavaFX Application Thread] DEBUG FXGLAssetLoaderServi - Loading from file system: jar:file:/C:/Users/M-80-1/.gradle/caches/modules-2/files-2.1/com.github.almasb/fxgl/21.1/88c288ebc8641e470d974327703f09f8958e725d/fxgl-21.1.jar!/fxglassets/textures/fxgl_default_cursor.png
17:51:47.583 [JavaFX Application Thread] DEBUG Input                - Registered new binding: Screenshot - CTRL+8
17:51:47.584 [JavaFX Application Thread] DEBUG Input                - Registered new binding: System info dump - CTRL+9
17:51:47.587 [JavaFX Application Thread] DEBUG Input                - Registered new binding: Restart - CTRL+R
17:51:47.589 [JavaFX Application Thread] DEBUG Input                - Registered new binding: Toggle Debug Camera - CTRL+7
17:51:47.592 [JavaFX Application Thread] DEBUG LoopRunner           - Starting loop
17:51:47.592 [JavaFX Application Thread] DEBUG LoopRunner           - Initializing JavaFX AnimationTimerLoop
17:51:47.594 [JavaFX Application Thread] DEBUG GameApplicationServi - Starting new game
17:51:47.595 [JavaFX Application Thread] DEBUG Input                - Clearing active input actions
17:51:47.606 [JavaFX Application Thread] DEBUG GameApplicationServi - Removing overlay from FXGLStartupScene and adding to FXGLLoadingScene
17:51:47.606 [JavaFX Application Thread] DEBUG PrimaryStageWindow   - FXGLStartupScene -> FXGLLoadingScene
17:51:47.606 [JavaFX Application Thread] DEBUG GameApplicationServi - Clearing previous game
17:51:47.606 [JavaFX Application Thread] DEBUG GameScene            - Clearing game scene
17:51:47.606 [JavaFX Application Thread] DEBUG GameWorld            - Clearing game world
17:51:47.606 [JavaFX Application Thread] DEBUG PhysicsWorld         - Clearing physics world
17:51:47.610 [FXGL Background Thread 1 ] DEBUG FXGLApplication      - Initializing game
17:51:47.640 [FXGL Background Thread 4 ] DEBUG FXGLAssetLoaderServi - Loading from file system: jar:file:/C:/Users/M-80-1/.gradle/caches/modules-2/files-2.1/com.github.almasb/fxgl/21.1/88c288ebc8641e470d974327703f09f8958e725d/fxgl-21.1.jar!/fxglassets/ui/fonts/Abel-Regular.ttf
17:51:47.792 [JavaFX Application Thread] DEBUG LoopRunner           - Stopping loop
17:51:47.795 [JavaFX Application Thread] FATAL FXGLApplication      - Uncaught Exception:
java.lang.RuntimeException: Initialization failed
	at com.almasb.fxgl.app.FXGLApplication$InitAppTask.failed(FXGLApplication.kt:347)
	at javafx.concurrent.Task.setState(Task.java:710)
	at javafx.concurrent.Task$TaskCallable.lambda$call$2(Task.java:1429)
	at com.sun.javafx.application.PlatformImpl.lambda$runLater$10(PlatformImpl.java:456)
	at java.base/java.security.AccessController.doPrivileged(AccessController.java:400)
	at com.sun.javafx.application.PlatformImpl.lambda$runLater$11(PlatformImpl.java:455)
	at com.sun.glass.ui.InvokeLaterDispatcher$Future.run(InvokeLaterDispatcher.java:95)
	at com.sun.glass.ui.win.WinApplication._runLoop(Native Method)
	at com.sun.glass.ui.win.WinApplication.lambda$runLoop$3(WinApplication.java:185)
	at java.base/java.lang.Thread.run(Thread.java:1583)
Caused by: java.lang.IllegalArgumentException: No EntityFactory has a method annotated @Spawns(ESTRELLA)
	at com.almasb.fxgl.entity.GameWorld.create(GameWorld.kt:413)
	at com.almasb.fxgl.entity.GameWorld.spawn(GameWorld.kt:396)
	at com.almasb.fxgl.entity.GameWorld.spawn(GameWorld.kt:384)
	at com.almasb.fxgl.dsl.FXGL$Companion.spawn(FXGL.kt:566)
	at com.almasb.fxgl.dsl.FXGL.spawn(FXGL.kt)
	at main.SpaceOsApp.initGame(SpaceOsApp.java:122)
	at com.almasb.fxgl.app.FXGLApplication$InitAppTask.initGame(FXGLApplication.kt:343)
	at com.almasb.fxgl.app.FXGLApplication$InitAppTask.call(FXGLApplication.kt:321)
	at com.almasb.fxgl.app.FXGLApplication$InitAppTask.call(FXGLApplication.kt:313)
	at javafx.concurrent.Task$TaskCallable.call(Task.java:1399)
	at java.base/java.util.concurrent.FutureTask.run(FutureTask.java:317)
	at java.base/java.util.concurrent.Executors$RunnableAdapter.call(Executors.java:572)
	at java.base/java.util.concurrent.FutureTask.run(FutureTask.java:317)
	at java.base/java.util.concurrent.ThreadPoolExecutor.runWorker(ThreadPoolExecutor.java:1144)
	at java.base/java.util.concurrent.ThreadPoolExecutor$Worker.run(ThreadPoolExecutor.java:642)
	... 1 more

17:51:47.795 [JavaFX Application Thread] FATAL FXGLApplication      - Application will now exit
17:51:47.907 [FXGL Background Thread 4 ] DEBUG FXGLAssetLoaderServi - Loading from file system: jar:file:/C:/Users/M-80-1/.gradle/caches/modules-2/files-2.1/com.github.almasb/fxgl/21.1/88c288ebc8641e470d974327703f09f8958e725d/fxgl-21.1.jar!/fxglassets/ui/fonts/TerminalLandMono-Regular.otf
17:51:47.907 [JavaFX Application Thread] DEBUG PrimaryStageWindow   - Push state: ErrorSubScene
17:51:47.908 [JavaFX Application Thread] DEBUG Input                - Clearing active input actions
17:51:47.916 [JavaFX Application Thread] DEBUG GameApplicationServi - Removing overlay from FXGLLoadingScene and adding to ErrorSubScene
17:51:47.917 [JavaFX Application Thread] DEBUG PrimaryStageWindow   - FXGLLoadingScene -> ErrorSubScene
17:51:48.016 [FXGL Background Thread 4 ] DEBUG FXGLAssetLoaderServi - Loading from file system: jar:file:/C:/Users/M-80-1/.gradle/caches/modules-2/files-2.1/com.github.almasb/fxgl/21.1/88c288ebc8641e470d974327703f09f8958e725d/fxgl-21.1.jar!/fxglassets/ui/fonts/Courier-Prime.ttf
17:51:48.753 [JavaFX Application Thread] DEBUG FXGLApplication      - Registering font factories with UI factory
17:51:50.464 [FXGL Background Thread 3 ] DEBUG Engine               - Logging environment variables
17:51:50.465 [FXGL Background Thread 3 ] DEBUG Engine               - achievements: []
17:51:50.465 [FXGL Background Thread 3 ] DEBUG Engine               - actualHeight: 720.0
17:51:50.465 [FXGL Background Thread 3 ] DEBUG Engine               - actualHeightProperty: ReadOnlyDoubleProperty [value: 720.0]
17:51:50.465 [FXGL Background Thread 3 ] DEBUG Engine               - actualWidth: 1280.0
17:51:50.465 [FXGL Background Thread 3 ] DEBUG Engine               - actualWidthProperty: ReadOnlyDoubleProperty [value: 1280.0]
17:51:50.465 [FXGL Background Thread 3 ] DEBUG Engine               - appIcon: fxgl_icon.png
17:51:50.465 [FXGL Background Thread 3 ] DEBUG Engine               - applicationMode: DEVELOPER
17:51:50.465 [FXGL Background Thread 3 ] DEBUG Engine               - cSSList: [fxgl_dark.css]
17:51:50.465 [FXGL Background Thread 3 ] DEBUG Engine               - collisionDetectionStrategy: BRUTE_FORCE
17:51:50.465 [FXGL Background Thread 3 ] DEBUG Engine               - configClass: Optional.empty
17:51:50.466 [FXGL Background Thread 3 ] DEBUG Engine               - credits: []
17:51:50.466 [FXGL Background Thread 3 ] DEBUG Engine               - defaultCursor: CursorInfo(imageName=fxgl_default_cursor.png, hotspotX=7.0, hotspotY=6.0)
17:51:50.466 [FXGL Background Thread 3 ] DEBUG Engine               - devBBoxColorProperty: ObjectProperty [value: 0xff0000ff]
17:51:50.467 [FXGL Background Thread 3 ] DEBUG Engine               - devEnableDebugCameraProperty: BooleanProperty [value: false]
17:51:50.467 [FXGL Background Thread 3 ] DEBUG Engine               - devSensorColorProperty: ObjectProperty [value: 0xffff00ff]
17:51:50.467 [FXGL Background Thread 3 ] DEBUG Engine               - devShowBBoxProperty: BooleanProperty [value: false]
17:51:50.467 [FXGL Background Thread 3 ] DEBUG Engine               - devShowPositionProperty: BooleanProperty [value: false]
17:51:50.467 [FXGL Background Thread 3 ] DEBUG Engine               - enabledMenuItems: []
17:51:50.467 [FXGL Background Thread 3 ] DEBUG Engine               - engineServices: [class com.almasb.fxgl.app.services.FXGLAssetLoaderService, class com.almasb.fxgl.app.FXGLApplication$GameApplicationService, class com.almasb.fxgl.app.services.FXGLDialogService, class com.almasb.fxgl.app.services.IOTaskExecutorService, class com.almasb.fxgl.io.FileSystemService, class com.almasb.fxgl.localization.LocalizationService, class com.almasb.fxgl.app.services.SystemBundleService, class com.almasb.fxgl.profile.SaveLoadService, class com.almasb.fxgl.ui.FXGLUIFactoryServiceProvider, class com.almasb.fxgl.ui.FXGLDialogFactoryServiceProvider, class com.almasb.fxgl.audio.AudioPlayer, class com.almasb.fxgl.notification.impl.NotificationServiceProvider, class com.almasb.fxgl.achievement.AchievementService, class com.almasb.fxgl.cutscene.CutsceneService, class com.almasb.fxgl.minigames.MiniGameService, class com.almasb.fxgl.net.NetService, class com.almasb.fxgl.app.services.UpdaterService, class com.almasb.fxgl.dev.DevService]
17:51:50.467 [FXGL Background Thread 3 ] DEBUG Engine               - fontGame: Abel-Regular.ttf
17:51:50.467 [FXGL Background Thread 3 ] DEBUG Engine               - fontMono: TerminalLandMono-Regular.otf
17:51:50.467 [FXGL Background Thread 3 ] DEBUG Engine               - fontSizeScaleUI: 1.0
17:51:50.467 [FXGL Background Thread 3 ] DEBUG Engine               - fontText: Courier-Prime.ttf
17:51:50.467 [FXGL Background Thread 3 ] DEBUG Engine               - fontUI: VarelaRound-Regular.ttf
17:51:50.468 [FXGL Background Thread 3 ] DEBUG Engine               - fullScreen: BooleanProperty [value: false]
17:51:50.468 [FXGL Background Thread 3 ] DEBUG Engine               - gameDifficulty: MEDIUM
17:51:50.468 [FXGL Background Thread 3 ] DEBUG Engine               - gameDifficultyProperty: ObjectProperty [value: MEDIUM]
17:51:50.468 [FXGL Background Thread 3 ] DEBUG Engine               - globalMusicVolume: 0.5
17:51:50.468 [FXGL Background Thread 3 ] DEBUG Engine               - globalMusicVolumeProperty: DoubleProperty [value: 0.5]
17:51:50.468 [FXGL Background Thread 3 ] DEBUG Engine               - globalSoundVolume: 0.5
17:51:50.469 [FXGL Background Thread 3 ] DEBUG Engine               - globalSoundVolumeProperty: DoubleProperty [value: 0.5]
17:51:50.469 [FXGL Background Thread 3 ] DEBUG Engine               - height: 720
17:51:50.469 [FXGL Background Thread 3 ] DEBUG Engine               - is3D: false
17:51:50.469 [FXGL Background Thread 3 ] DEBUG Engine               - isAndroid: false
17:51:50.470 [FXGL Background Thread 3 ] DEBUG Engine               - isBrowser: false
17:51:50.470 [FXGL Background Thread 3 ] DEBUG Engine               - isClickFeedbackEnabled: false
17:51:50.470 [FXGL Background Thread 3 ] DEBUG Engine               - isCloseConfirmation: false
17:51:50.470 [FXGL Background Thread 3 ] DEBUG Engine               - isDesktop: true
17:51:50.470 [FXGL Background Thread 3 ] DEBUG Engine               - isDeveloperMenuEnabled: false
17:51:50.470 [FXGL Background Thread 3 ] DEBUG Engine               - isEmbedded: false
17:51:50.471 [FXGL Background Thread 3 ] DEBUG Engine               - isEntityPreloadEnabled: true
17:51:50.471 [FXGL Background Thread 3 ] DEBUG Engine               - isExperimentalTiledLargeMap: false
17:51:50.471 [FXGL Background Thread 3 ] DEBUG Engine               - isFileSystemWriteAllowed: true
17:51:50.471 [FXGL Background Thread 3 ] DEBUG Engine               - isFullScreenAllowed: false
17:51:50.471 [FXGL Background Thread 3 ] DEBUG Engine               - isFullScreenFromStart: false
17:51:50.471 [FXGL Background Thread 3 ] DEBUG Engine               - isGameMenuEnabled: true
17:51:50.471 [FXGL Background Thread 3 ] DEBUG Engine               - isIOS: false
17:51:50.471 [FXGL Background Thread 3 ] DEBUG Engine               - isIntroEnabled: false
17:51:50.471 [FXGL Background Thread 3 ] DEBUG Engine               - isLinux: false
17:51:50.471 [FXGL Background Thread 3 ] DEBUG Engine               - isMac: false
17:51:50.471 [FXGL Background Thread 3 ] DEBUG Engine               - isMainMenuEnabled: false
17:51:50.472 [FXGL Background Thread 3 ] DEBUG Engine               - isManualResizeEnabled: false
17:51:50.472 [FXGL Background Thread 3 ] DEBUG Engine               - isMobile: false
17:51:50.472 [FXGL Background Thread 3 ] DEBUG Engine               - isNative: false
17:51:50.472 [FXGL Background Thread 3 ] DEBUG Engine               - isPauseMusicWhenMinimized: true
17:51:50.472 [FXGL Background Thread 3 ] DEBUG Engine               - isPreserveResizeRatio: false
17:51:50.472 [FXGL Background Thread 3 ] DEBUG Engine               - isProfilingEnabled: false
17:51:50.472 [FXGL Background Thread 3 ] DEBUG Engine               - isScaleAffectedOnResize: true
17:51:50.472 [FXGL Background Thread 3 ] DEBUG Engine               - isSingleStep: false
17:51:50.472 [FXGL Background Thread 3 ] DEBUG Engine               - isUserProfileEnabled: false
17:51:50.472 [FXGL Background Thread 3 ] DEBUG Engine               - isWindows: true
17:51:50.472 [FXGL Background Thread 3 ] DEBUG Engine               - language: ObjectProperty [value: ENGLISH]
17:51:50.472 [FXGL Background Thread 3 ] DEBUG Engine               - menuKey: ESCAPE
17:51:50.472 [FXGL Background Thread 3 ] DEBUG Engine               - mouseSensitivity: 0.2
17:51:50.472 [FXGL Background Thread 3 ] DEBUG Engine               - notificationViewClass: class com.almasb.fxgl.notification.view.XboxNotificationView
17:51:50.472 [FXGL Background Thread 3 ] DEBUG Engine               - pixelsPerMeter: 50.0
17:51:50.472 [FXGL Background Thread 3 ] DEBUG Engine               - platform: WINDOWS
17:51:50.472 [FXGL Background Thread 3 ] DEBUG Engine               - prefHeightProperty: ReadOnlyDoubleProperty [value: 720.0]
17:51:50.472 [FXGL Background Thread 3 ] DEBUG Engine               - prefWidthProperty: ReadOnlyDoubleProperty [value: 1280.0]
17:51:50.472 [FXGL Background Thread 3 ] DEBUG Engine               - profileDir: profiles/
17:51:50.473 [FXGL Background Thread 3 ] DEBUG Engine               - profileName: StringProperty [value: DEFAULT]
17:51:50.473 [FXGL Background Thread 3 ] DEBUG Engine               - randomSeed: -1
17:51:50.473 [FXGL Background Thread 3 ] DEBUG Engine               - runtimeInfo: RuntimeInfo(platform=WINDOWS, version=21.1, build=27.03.2024 07.52)
17:51:50.473 [FXGL Background Thread 3 ] DEBUG Engine               - saveFileExt: sav
17:51:50.473 [FXGL Background Thread 3 ] DEBUG Engine               - scaledHeightProp$fxgl: DoubleProperty [bound, value: 720.0]
17:51:50.473 [FXGL Background Thread 3 ] DEBUG Engine               - scaledWidthProp$fxgl: DoubleProperty [bound, value: 1280.0]
17:51:50.473 [FXGL Background Thread 3 ] DEBUG Engine               - sceneFactory: com.almasb.fxgl.app.scene.SceneFactory@79f33c1
17:51:50.473 [FXGL Background Thread 3 ] DEBUG Engine               - secondsIn24h: 60
17:51:50.473 [FXGL Background Thread 3 ] DEBUG Engine               - soundMenuBack: menu/back.wav
17:51:50.473 [FXGL Background Thread 3 ] DEBUG Engine               - soundMenuPress: menu/press.wav
17:51:50.473 [FXGL Background Thread 3 ] DEBUG Engine               - soundMenuSelect: menu/select.wav
17:51:50.473 [FXGL Background Thread 3 ] DEBUG Engine               - soundNotification: core/notification.wav
17:51:50.473 [FXGL Background Thread 3 ] DEBUG Engine               - stageStyle: DECORATED
17:51:50.473 [FXGL Background Thread 3 ] DEBUG Engine               - supportedLanguages: [ENGLISH, FRENCH, GERMAN, HUNGARIAN, RUSSIAN]
17:51:50.473 [FXGL Background Thread 3 ] DEBUG Engine               - ticksPerSecond: -1
17:51:50.473 [FXGL Background Thread 3 ] DEBUG Engine               - title: GalaxyOS - Command Center
17:51:50.474 [FXGL Background Thread 3 ] DEBUG Engine               - urlGithub: https://github.com/AlmasB/FXGL
17:51:50.474 [FXGL Background Thread 3 ] DEBUG Engine               - urlLeaderboard: http://fxgl-top.herokuapp.com/
17:51:50.474 [FXGL Background Thread 3 ] DEBUG Engine               - urlPOM: https://raw.githubusercontent.com/AlmasB/FXGL/release/README.md
17:51:50.474 [FXGL Background Thread 3 ] DEBUG Engine               - userAppClass: class main.SpaceOsApp
17:51:50.474 [FXGL Background Thread 3 ] DEBUG Engine               - version: 6.0
17:51:50.474 [FXGL Background Thread 3 ] DEBUG Engine               - versionCheckDays: 7
17:51:50.474 [FXGL Background Thread 3 ] DEBUG Engine               - width: 1280
17:51:50.474 [FXGL Background Thread 3 ] DEBUG Engine               - Logging services
17:51:50.474 [FXGL Background Thread 3 ] DEBUG Engine               - class com.almasb.fxgl.app.services.FXGLAssetLoaderService
17:51:50.474 [FXGL Background Thread 3 ] DEBUG Engine               - class com.almasb.fxgl.app.FXGLApplication$GameApplicationService
17:51:50.474 [FXGL Background Thread 3 ] DEBUG Engine               - class com.almasb.fxgl.app.services.FXGLDialogService
17:51:50.474 [FXGL Background Thread 3 ] DEBUG Engine               - class com.almasb.fxgl.app.services.IOTaskExecutorService
17:51:50.474 [FXGL Background Thread 3 ] DEBUG Engine               - class com.almasb.fxgl.io.FileSystemService
17:51:50.474 [FXGL Background Thread 3 ] DEBUG Engine               - class com.almasb.fxgl.localization.LocalizationService
17:51:50.474 [FXGL Background Thread 3 ] DEBUG Engine               - class com.almasb.fxgl.app.services.SystemBundleService
17:51:50.474 [FXGL Background Thread 3 ] DEBUG Engine               - class com.almasb.fxgl.profile.SaveLoadService
17:51:50.474 [FXGL Background Thread 3 ] DEBUG Engine               - class com.almasb.fxgl.ui.FXGLUIFactoryServiceProvider
17:51:50.474 [FXGL Background Thread 3 ] DEBUG Engine               - class com.almasb.fxgl.ui.FXGLDialogFactoryServiceProvider
17:51:50.474 [FXGL Background Thread 3 ] DEBUG Engine               - class com.almasb.fxgl.audio.AudioPlayer
17:51:50.474 [FXGL Background Thread 3 ] DEBUG Engine               - class com.almasb.fxgl.notification.impl.NotificationServiceProvider
17:51:50.474 [FXGL Background Thread 3 ] DEBUG Engine               - class com.almasb.fxgl.achievement.AchievementService
17:51:50.475 [FXGL Background Thread 3 ] DEBUG Engine               - class com.almasb.fxgl.cutscene.CutsceneService
17:51:50.475 [FXGL Background Thread 3 ] DEBUG Engine               - class com.almasb.fxgl.minigames.MiniGameService
17:51:50.475 [FXGL Background Thread 3 ] DEBUG Engine               - class com.almasb.fxgl.net.NetService
17:51:50.475 [FXGL Background Thread 3 ] DEBUG Engine               - class com.almasb.fxgl.app.services.UpdaterService
17:51:50.475 [FXGL Background Thread 3 ] DEBUG Engine               - class com.almasb.fxgl.dev.DevService
17:52:13.372 [JavaFX Application Thread] DEBUG FXGLApplication      - Exiting FXGL
17:52:13.372 [JavaFX Application Thread] DEBUG Async                - Shutting down background threads
17:52:13.372 [JavaFX Application Thread] DEBUG PrimaryStageWindow   - Closing main window
17:52:13.553 [JavaFX Application Thread] DEBUG Logger               - Closing Logger
