13:33:28.859 [main                     ] DEBUG Logger               - Configured Logger
13:33:28.900 [main                     ] DEBUG GameApplication      - Logging settings
Title: GalaxyOS - Command Center
Version: 6.0
Width: 1280
Height: 720
Fullscreen: false
Intro: false
Profiling: false
Single step:false
App Mode: DEVELOPER
Menu Key: ESCAPE
Stage Style: DECORATED
Scene Factory: class com.almasb.fxgl.app.scene.SceneFactory

13:33:31.516 [JavaFX Application Thread] DEBUG FXGLApplication      - Initializing FXGL
13:33:31.565 [JavaFX Application Thread] INFO  Engine               - FXGL-21.1 (27.03.2024 07.52) on WINDOWS (J:21.0.9 FX:21.0.2)
13:33:31.568 [JavaFX Application Thread] DEBUG Engine               - JRE Vendor Name: Eclipse Adoptium
13:33:31.570 [JavaFX Application Thread] DEBUG Engine               - Running on OS: Windows 10 version 10.0
13:33:31.570 [JavaFX Application Thread] DEBUG Engine               - Architecture: amd64
13:33:31.570 [JavaFX Application Thread] INFO  Engine               - Source code and latest versions at: https://github.com/AlmasB/FXGL
13:33:31.573 [JavaFX Application Thread] INFO  Engine               -       Ask questions and discuss at: https://github.com/AlmasB/FXGL/discussions
13:33:31.574 [JavaFX Application Thread] INFO  Engine               -              Join the FXGL chat at: https://gitter.im/AlmasB/FXGL
13:33:32.283 [JavaFX Application Thread] DEBUG PrimaryStageWindow   - Creating a JavaFX scene
13:33:32.518 [JavaFX Application Thread] DEBUG PrimaryStageWindow   - Target settings size: 1280.0 x 720.0
13:33:32.518 [JavaFX Application Thread] DEBUG PrimaryStageWindow   - Scaled scene size:    1280.0 x 720.0
13:33:32.519 [JavaFX Application Thread] DEBUG PrimaryStageWindow   - Scaled ratio: (1.0, 1.0)
13:33:32.521 [JavaFX Application Thread] DEBUG PrimaryStageWindow   - Set initial scene to FXGLStartupScene
13:33:32.547 [JavaFX Application Thread] DEBUG PrimaryStageWindow   - Opening main window
13:33:33.064 [JavaFX Application Thread] DEBUG PrimaryStageWindow   - Window border size: (16.0, 39.0)
13:33:33.064 [JavaFX Application Thread] DEBUG PrimaryStageWindow   - Scaled size: 1280.0 x 720.0
13:33:33.065 [JavaFX Application Thread] DEBUG PrimaryStageWindow   - Scaled ratio: (1.0, 1.0)
13:33:33.065 [JavaFX Application Thread] DEBUG PrimaryStageWindow   - Scene size: 1280.0 x 720.0
13:33:33.066 [JavaFX Application Thread] DEBUG PrimaryStageWindow   - Stage size: 1296.0 x 759.0
13:33:33.194 [FXGL Background Thread 1 ] DEBUG Engine               - Initializing environment variables
13:33:33.983 [FXGL Background Thread 1 ] DEBUG FXGLAssetLoaderServi - User app class for loading assets: class main.SpaceOsApp
13:33:33.983 [FXGL Background Thread 1 ] DEBUG GameApplicationServi - Applying CSS: fxgl_dark.css
13:33:33.985 [FXGL Background Thread 1 ] DEBUG FXGLAssetLoaderServi - Loading from file system: jar:file:/C:/Users/HP/.gradle/caches/modules-2/files-2.1/com.github.almasb/fxgl/21.1/88c288ebc8641e470d974327703f09f8958e725d/fxgl-21.1.jar!/fxglassets/ui/css/fxgl_dark.css
13:33:34.228 [FXGL Background Thread 1 ] DEBUG GameApplicationServi - Initializing application scenes
13:33:34.605 [FXGL Background Thread 1 ] DEBUG GameWorld            - Game world initialized
13:33:34.935 [FXGL Background Thread 1 ] DEBUG PhysicsWorld         - Physics world initialized: appHeight=720, physics.ppm=50,0
13:33:34.936 [FXGL Background Thread 1 ] DEBUG PhysicsWorld         - Using strategy: BRUTE_FORCE
13:33:34.944 [FXGL Background Thread 1 ] DEBUG GameScene            - Game scene initialized: 1280x720
13:33:35.056 [FXGL Background Thread 1 ] DEBUG FXGL.DefaultMenu     - createMenuBodyGameMenu()
13:33:35.165 [FXGL Background Thread 1 ] DEBUG FXGL.DefaultMenu     - createOptionsMenu()
13:33:35.191 [FXGL Background Thread 1 ] DEBUG FXGLAssetLoaderServi - Loading from file system: jar:file:/C:/Users/HP/.gradle/caches/modules-2/files-2.1/com.github.almasb/fxgl/21.1/88c288ebc8641e470d974327703f09f8958e725d/fxgl-21.1.jar!/fxglassets/textures/particles/smoke.png
13:33:35.763 [FXGL Background Thread 1 ] DEBUG FXGLAssetLoaderServi - Loading from file system: jar:file:/C:/Users/HP/.gradle/caches/modules-2/files-2.1/com.github.almasb/fxgl/21.1/88c288ebc8641e470d974327703f09f8958e725d/fxgl-21.1.jar!/fxglassets/textures/particles/trace_horizontal.png
13:33:35.872 [FXGL Background Thread 1 ] DEBUG GameApplicationServi - Application scenes initialized
13:33:35.960 [FXGL Background Thread 1 ] DEBUG SystemBundleService  - Loading FXGL system data
13:33:36.007 [FXGL Background Thread 1 ] WARN  SystemBundleService  - Failed to load: java.io.FileNotFoundException: C:\Users\HP\IdeaProjects\SistemaOperativo\system\fxgl.bundle (El sistema no puede encontrar el archivo especificado)
13:33:36.008 [FXGL Background Thread 1 ] DEBUG SystemBundleService  - Loading default FXGL system data
13:33:36.009 [FXGL Background Thread 1 ] DEBUG UpdaterService       - Checking for updates
13:33:36.019 [FXGL Background Thread 1 ] DEBUG FXGLApplication      - Loading default localization
13:33:36.021 [FXGL Background Thread 1 ] DEBUG FXGLAssetLoaderServi - Loading from file system: jar:file:/C:/Users/HP/.gradle/caches/modules-2/files-2.1/com.github.almasb/fxgl/21.1/88c288ebc8641e470d974327703f09f8958e725d/fxgl-21.1.jar!/fxglassets/languages/english.lang
13:33:36.039 [FXGL Background Thread 4 ] DEBUG FXGLApplication      - Loading fonts
13:33:36.136 [FXGL Background Thread 4 ] DEBUG FXGLAssetLoaderServi - Loading from file system: jar:file:/C:/Users/HP/.gradle/caches/modules-2/files-2.1/com.github.almasb/fxgl/21.1/88c288ebc8641e470d974327703f09f8958e725d/fxgl-21.1.jar!/fxglassets/ui/fonts/VarelaRound-Regular.ttf
13:33:36.458 [FXGL Background Thread 1 ] INFO  FXGLApplication      - FXGL initialization took: 3,264 sec
13:33:36.460 [JavaFX Application Thread] DEBUG FXGLAssetLoaderServi - Loading from file system: jar:file:/C:/Users/HP/.gradle/caches/modules-2/files-2.1/com.github.almasb/fxgl/21.1/88c288ebc8641e470d974327703f09f8958e725d/fxgl-21.1.jar!/fxglassets/textures/fxgl_icon.png
13:33:36.544 [JavaFX Application Thread] DEBUG FXGLAssetLoaderServi - Loading from file system: jar:file:/C:/Users/HP/.gradle/caches/modules-2/files-2.1/com.github.almasb/fxgl/21.1/88c288ebc8641e470d974327703f09f8958e725d/fxgl-21.1.jar!/fxglassets/textures/fxgl_default_cursor.png
13:33:36.620 [JavaFX Application Thread] DEBUG Input                - Registered new binding: Screenshot - CTRL+8
13:33:36.620 [JavaFX Application Thread] DEBUG Input                - Registered new binding: System info dump - CTRL+9
13:33:36.621 [JavaFX Application Thread] DEBUG Input                - Registered new binding: Restart - CTRL+R
13:33:36.622 [JavaFX Application Thread] DEBUG Input                - Registered new binding: Toggle Debug Camera - CTRL+7
13:33:36.626 [JavaFX Application Thread] DEBUG LoopRunner           - Starting loop
13:33:36.627 [JavaFX Application Thread] DEBUG LoopRunner           - Initializing JavaFX AnimationTimerLoop
13:33:36.641 [JavaFX Application Thread] DEBUG GameApplicationServi - Starting new game
13:33:36.641 [JavaFX Application Thread] DEBUG Input                - Clearing active input actions
13:33:36.660 [JavaFX Application Thread] DEBUG GameApplicationServi - Removing overlay from FXGLStartupScene and adding to FXGLLoadingScene
13:33:36.661 [JavaFX Application Thread] DEBUG PrimaryStageWindow   - FXGLStartupScene -> FXGLLoadingScene
13:33:36.661 [JavaFX Application Thread] DEBUG GameApplicationServi - Clearing previous game
13:33:36.661 [JavaFX Application Thread] DEBUG GameScene            - Clearing game scene
13:33:36.661 [JavaFX Application Thread] DEBUG GameWorld            - Clearing game world
13:33:36.661 [JavaFX Application Thread] DEBUG PhysicsWorld         - Clearing physics world
13:33:36.663 [FXGL Background Thread 1 ] DEBUG FXGLApplication      - Initializing game
13:33:36.795 [FXGL Background Thread 1 ] DEBUG FXGLAssetLoaderServi - Loading from file system: file:/C:/Users/HP/IdeaProjects/SistemaOperativo/build/resources/main/assets/textures/sol.png
13:33:37.179 [FXGL Background Thread 4 ] DEBUG FXGLAssetLoaderServi - Loading from file system: jar:file:/C:/Users/HP/.gradle/caches/modules-2/files-2.1/com.github.almasb/fxgl/21.1/88c288ebc8641e470d974327703f09f8958e725d/fxgl-21.1.jar!/fxglassets/ui/fonts/Abel-Regular.ttf
13:33:37.193 [FXGL Background Thread 4 ] DEBUG FXGLAssetLoaderServi - Loading from file system: jar:file:/C:/Users/HP/.gradle/caches/modules-2/files-2.1/com.github.almasb/fxgl/21.1/88c288ebc8641e470d974327703f09f8958e725d/fxgl-21.1.jar!/fxglassets/ui/fonts/TerminalLandMono-Regular.otf
13:33:37.352 [FXGL Background Thread 4 ] DEBUG FXGLAssetLoaderServi - Loading from file system: jar:file:/C:/Users/HP/.gradle/caches/modules-2/files-2.1/com.github.almasb/fxgl/21.1/88c288ebc8641e470d974327703f09f8958e725d/fxgl-21.1.jar!/fxglassets/ui/fonts/Courier-Prime.ttf
13:33:37.542 [FXGL Background Thread 1 ] DEBUG FXGLAssetLoaderServi - Loading from file system: file:/C:/Users/HP/IdeaProjects/SistemaOperativo/build/resources/main/assets/textures/planeta1.png
13:33:37.944 [JavaFX Application Thread] DEBUG FXGLApplication      - Registering font factories with UI factory
13:33:39.015 [FXGL Background Thread 3 ] DEBUG Engine               - Logging environment variables
13:33:39.016 [FXGL Background Thread 3 ] DEBUG Engine               - achievements: []
13:33:39.016 [FXGL Background Thread 3 ] DEBUG Engine               - actualHeight: 720.0
13:33:39.016 [FXGL Background Thread 3 ] DEBUG Engine               - actualHeightProperty: ReadOnlyDoubleProperty [value: 720.0]
13:33:39.016 [FXGL Background Thread 3 ] DEBUG Engine               - actualWidth: 1280.0
13:33:39.016 [FXGL Background Thread 3 ] DEBUG Engine               - actualWidthProperty: ReadOnlyDoubleProperty [value: 1280.0]
13:33:39.016 [FXGL Background Thread 3 ] DEBUG Engine               - appIcon: fxgl_icon.png
13:33:39.016 [FXGL Background Thread 3 ] DEBUG Engine               - applicationMode: DEVELOPER
13:33:39.017 [FXGL Background Thread 3 ] DEBUG Engine               - cSSList: [fxgl_dark.css]
13:33:39.017 [FXGL Background Thread 3 ] DEBUG Engine               - collisionDetectionStrategy: BRUTE_FORCE
13:33:39.017 [FXGL Background Thread 3 ] DEBUG Engine               - configClass: Optional.empty
13:33:39.017 [FXGL Background Thread 3 ] DEBUG Engine               - credits: []
13:33:39.017 [FXGL Background Thread 3 ] DEBUG Engine               - defaultCursor: CursorInfo(imageName=fxgl_default_cursor.png, hotspotX=7.0, hotspotY=6.0)
13:33:39.018 [FXGL Background Thread 3 ] DEBUG Engine               - devBBoxColorProperty: ObjectProperty [value: 0xff0000ff]
13:33:39.018 [FXGL Background Thread 3 ] DEBUG Engine               - devEnableDebugCameraProperty: BooleanProperty [value: false]
13:33:39.018 [FXGL Background Thread 3 ] DEBUG Engine               - devSensorColorProperty: ObjectProperty [value: 0xffff00ff]
13:33:39.018 [FXGL Background Thread 3 ] DEBUG Engine               - devShowBBoxProperty: BooleanProperty [value: false]
13:33:39.018 [FXGL Background Thread 3 ] DEBUG Engine               - devShowPositionProperty: BooleanProperty [value: false]
13:33:39.120 [FXGL Background Thread 3 ] DEBUG Engine               - enabledMenuItems: []
13:33:39.120 [FXGL Background Thread 3 ] DEBUG Engine               - engineServices: [class com.almasb.fxgl.app.services.FXGLAssetLoaderService, class com.almasb.fxgl.app.FXGLApplication$GameApplicationService, class com.almasb.fxgl.app.services.FXGLDialogService, class com.almasb.fxgl.app.services.IOTaskExecutorService, class com.almasb.fxgl.io.FileSystemService, class com.almasb.fxgl.localization.LocalizationService, class com.almasb.fxgl.app.services.SystemBundleService, class com.almasb.fxgl.profile.SaveLoadService, class com.almasb.fxgl.ui.FXGLUIFactoryServiceProvider, class com.almasb.fxgl.ui.FXGLDialogFactoryServiceProvider, class com.almasb.fxgl.audio.AudioPlayer, class com.almasb.fxgl.notification.impl.NotificationServiceProvider, class com.almasb.fxgl.achievement.AchievementService, class com.almasb.fxgl.cutscene.CutsceneService, class com.almasb.fxgl.minigames.MiniGameService, class com.almasb.fxgl.net.NetService, class com.almasb.fxgl.app.services.UpdaterService, class com.almasb.fxgl.dev.DevService]
13:33:39.120 [FXGL Background Thread 3 ] DEBUG Engine               - fontGame: Abel-Regular.ttf
13:33:39.120 [FXGL Background Thread 3 ] DEBUG Engine               - fontMono: TerminalLandMono-Regular.otf
13:33:39.120 [FXGL Background Thread 3 ] DEBUG Engine               - fontSizeScaleUI: 1.0
13:33:39.120 [FXGL Background Thread 3 ] DEBUG Engine               - fontText: Courier-Prime.ttf
13:33:39.121 [FXGL Background Thread 3 ] DEBUG Engine               - fontUI: VarelaRound-Regular.ttf
13:33:39.121 [FXGL Background Thread 3 ] DEBUG Engine               - fullScreen: BooleanProperty [value: false]
13:33:39.121 [FXGL Background Thread 3 ] DEBUG Engine               - gameDifficulty: MEDIUM
13:33:39.121 [FXGL Background Thread 3 ] DEBUG Engine               - gameDifficultyProperty: ObjectProperty [value: MEDIUM]
13:33:39.121 [FXGL Background Thread 3 ] DEBUG Engine               - globalMusicVolume: 0.5
13:33:39.121 [FXGL Background Thread 3 ] DEBUG Engine               - globalMusicVolumeProperty: DoubleProperty [value: 0.5]
13:33:39.121 [FXGL Background Thread 3 ] DEBUG Engine               - globalSoundVolume: 0.5
13:33:39.121 [FXGL Background Thread 3 ] DEBUG Engine               - globalSoundVolumeProperty: DoubleProperty [value: 0.5]
13:33:39.121 [FXGL Background Thread 3 ] DEBUG Engine               - height: 720
13:33:39.121 [FXGL Background Thread 3 ] DEBUG Engine               - is3D: false
13:33:39.122 [FXGL Background Thread 3 ] DEBUG Engine               - isAndroid: false
13:33:39.122 [FXGL Background Thread 3 ] DEBUG Engine               - isBrowser: false
13:33:39.122 [FXGL Background Thread 3 ] DEBUG Engine               - isClickFeedbackEnabled: false
13:33:39.122 [FXGL Background Thread 3 ] DEBUG Engine               - isCloseConfirmation: false
13:33:39.122 [FXGL Background Thread 3 ] DEBUG Engine               - isDesktop: true
13:33:39.122 [FXGL Background Thread 3 ] DEBUG Engine               - isDeveloperMenuEnabled: false
13:33:39.122 [FXGL Background Thread 3 ] DEBUG Engine               - isEmbedded: false
13:33:39.122 [FXGL Background Thread 3 ] DEBUG Engine               - isEntityPreloadEnabled: true
13:33:39.122 [FXGL Background Thread 3 ] DEBUG Engine               - isExperimentalTiledLargeMap: false
13:33:39.122 [FXGL Background Thread 3 ] DEBUG Engine               - isFileSystemWriteAllowed: true
13:33:39.122 [FXGL Background Thread 3 ] DEBUG Engine               - isFullScreenAllowed: false
13:33:39.122 [FXGL Background Thread 3 ] DEBUG Engine               - isFullScreenFromStart: false
13:33:39.122 [FXGL Background Thread 3 ] DEBUG Engine               - isGameMenuEnabled: true
13:33:39.122 [FXGL Background Thread 3 ] DEBUG Engine               - isIOS: false
13:33:39.122 [FXGL Background Thread 3 ] DEBUG Engine               - isIntroEnabled: false
13:33:39.123 [FXGL Background Thread 3 ] DEBUG Engine               - isLinux: false
13:33:39.123 [FXGL Background Thread 3 ] DEBUG Engine               - isMac: false
13:33:39.123 [FXGL Background Thread 3 ] DEBUG Engine               - isMainMenuEnabled: false
13:33:39.123 [FXGL Background Thread 3 ] DEBUG Engine               - isManualResizeEnabled: false
13:33:39.123 [FXGL Background Thread 3 ] DEBUG Engine               - isMobile: false
13:33:39.123 [FXGL Background Thread 3 ] DEBUG Engine               - isNative: false
13:33:39.123 [FXGL Background Thread 3 ] DEBUG Engine               - isPauseMusicWhenMinimized: true
13:33:39.123 [FXGL Background Thread 3 ] DEBUG Engine               - isPreserveResizeRatio: false
13:33:39.123 [FXGL Background Thread 3 ] DEBUG Engine               - isProfilingEnabled: false
13:33:39.124 [FXGL Background Thread 3 ] DEBUG Engine               - isScaleAffectedOnResize: true
13:33:39.124 [FXGL Background Thread 3 ] DEBUG Engine               - isSingleStep: false
13:33:39.124 [FXGL Background Thread 3 ] DEBUG Engine               - isUserProfileEnabled: false
13:33:39.124 [FXGL Background Thread 3 ] DEBUG Engine               - isWindows: true
13:33:39.124 [FXGL Background Thread 3 ] DEBUG Engine               - language: ObjectProperty [value: ENGLISH]
13:33:39.124 [FXGL Background Thread 3 ] DEBUG Engine               - menuKey: ESCAPE
13:33:39.124 [FXGL Background Thread 3 ] DEBUG Engine               - mouseSensitivity: 0.2
13:33:39.124 [FXGL Background Thread 3 ] DEBUG Engine               - notificationViewClass: class com.almasb.fxgl.notification.view.XboxNotificationView
13:33:39.124 [FXGL Background Thread 3 ] DEBUG Engine               - pixelsPerMeter: 50.0
13:33:39.124 [FXGL Background Thread 3 ] DEBUG Engine               - platform: WINDOWS
13:33:39.125 [FXGL Background Thread 3 ] DEBUG Engine               - prefHeightProperty: ReadOnlyDoubleProperty [value: 720.0]
13:33:39.125 [FXGL Background Thread 3 ] DEBUG Engine               - prefWidthProperty: ReadOnlyDoubleProperty [value: 1280.0]
13:33:39.125 [FXGL Background Thread 3 ] DEBUG Engine               - profileDir: profiles/
13:33:39.125 [FXGL Background Thread 3 ] DEBUG Engine               - profileName: StringProperty [value: DEFAULT]
13:33:39.125 [FXGL Background Thread 3 ] DEBUG Engine               - randomSeed: -1
13:33:39.126 [FXGL Background Thread 3 ] DEBUG Engine               - runtimeInfo: RuntimeInfo(platform=WINDOWS, version=21.1, build=27.03.2024 07.52)
13:33:39.126 [FXGL Background Thread 3 ] DEBUG Engine               - saveFileExt: sav
13:33:39.126 [FXGL Background Thread 3 ] DEBUG Engine               - scaledHeightProp$fxgl: DoubleProperty [bound, value: 720.0]
13:33:39.126 [FXGL Background Thread 3 ] DEBUG Engine               - scaledWidthProp$fxgl: DoubleProperty [bound, value: 1280.0]
13:33:39.126 [FXGL Background Thread 3 ] DEBUG Engine               - sceneFactory: com.almasb.fxgl.app.scene.SceneFactory@73099650
13:33:39.126 [FXGL Background Thread 3 ] DEBUG Engine               - secondsIn24h: 60
13:33:39.126 [FXGL Background Thread 3 ] DEBUG Engine               - soundMenuBack: menu/back.wav
13:33:39.126 [FXGL Background Thread 3 ] DEBUG Engine               - soundMenuPress: menu/press.wav
13:33:39.126 [FXGL Background Thread 3 ] DEBUG Engine               - soundMenuSelect: menu/select.wav
13:33:39.126 [FXGL Background Thread 3 ] DEBUG Engine               - soundNotification: core/notification.wav
13:33:39.126 [FXGL Background Thread 3 ] DEBUG Engine               - stageStyle: DECORATED
13:33:39.126 [FXGL Background Thread 3 ] DEBUG Engine               - supportedLanguages: [ENGLISH, FRENCH, GERMAN, HUNGARIAN, RUSSIAN]
13:33:39.127 [FXGL Background Thread 3 ] DEBUG Engine               - ticksPerSecond: -1
13:33:39.127 [FXGL Background Thread 3 ] DEBUG Engine               - title: GalaxyOS - Command Center
13:33:39.127 [FXGL Background Thread 3 ] DEBUG Engine               - urlGithub: https://github.com/AlmasB/FXGL
13:33:39.127 [FXGL Background Thread 3 ] DEBUG Engine               - urlLeaderboard: http://fxgl-top.herokuapp.com/
13:33:39.127 [FXGL Background Thread 3 ] DEBUG Engine               - urlPOM: https://raw.githubusercontent.com/AlmasB/FXGL/release/README.md
13:33:39.127 [FXGL Background Thread 3 ] DEBUG Engine               - userAppClass: class main.SpaceOsApp
13:33:39.127 [FXGL Background Thread 3 ] DEBUG Engine               - version: 6.0
13:33:39.127 [FXGL Background Thread 3 ] DEBUG Engine               - versionCheckDays: 7
13:33:39.127 [FXGL Background Thread 3 ] DEBUG Engine               - width: 1280
13:33:39.127 [FXGL Background Thread 3 ] DEBUG Engine               - Logging services
13:33:39.127 [FXGL Background Thread 3 ] DEBUG Engine               - class com.almasb.fxgl.app.services.FXGLAssetLoaderService
13:33:39.127 [FXGL Background Thread 3 ] DEBUG Engine               - class com.almasb.fxgl.app.FXGLApplication$GameApplicationService
13:33:39.127 [FXGL Background Thread 3 ] DEBUG Engine               - class com.almasb.fxgl.app.services.FXGLDialogService
13:33:39.127 [FXGL Background Thread 3 ] DEBUG Engine               - class com.almasb.fxgl.app.services.IOTaskExecutorService
13:33:39.128 [FXGL Background Thread 3 ] DEBUG Engine               - class com.almasb.fxgl.io.FileSystemService
13:33:39.128 [FXGL Background Thread 3 ] DEBUG Engine               - class com.almasb.fxgl.localization.LocalizationService
13:33:39.128 [FXGL Background Thread 3 ] DEBUG Engine               - class com.almasb.fxgl.app.services.SystemBundleService
13:33:39.128 [FXGL Background Thread 3 ] DEBUG Engine               - class com.almasb.fxgl.profile.SaveLoadService
13:33:39.128 [FXGL Background Thread 3 ] DEBUG Engine               - class com.almasb.fxgl.ui.FXGLUIFactoryServiceProvider
13:33:39.128 [FXGL Background Thread 3 ] DEBUG Engine               - class com.almasb.fxgl.ui.FXGLDialogFactoryServiceProvider
13:33:39.128 [FXGL Background Thread 3 ] DEBUG Engine               - class com.almasb.fxgl.audio.AudioPlayer
13:33:39.128 [FXGL Background Thread 3 ] DEBUG Engine               - class com.almasb.fxgl.notification.impl.NotificationServiceProvider
13:33:39.128 [FXGL Background Thread 3 ] DEBUG Engine               - class com.almasb.fxgl.achievement.AchievementService
13:33:39.128 [FXGL Background Thread 3 ] DEBUG Engine               - class com.almasb.fxgl.cutscene.CutsceneService
13:33:39.128 [FXGL Background Thread 3 ] DEBUG Engine               - class com.almasb.fxgl.minigames.MiniGameService
13:33:39.128 [FXGL Background Thread 3 ] DEBUG Engine               - class com.almasb.fxgl.net.NetService
13:33:39.128 [FXGL Background Thread 3 ] DEBUG Engine               - class com.almasb.fxgl.app.services.UpdaterService
13:33:39.128 [FXGL Background Thread 3 ] DEBUG Engine               - class com.almasb.fxgl.dev.DevService
13:33:39.275 [FXGL Background Thread 1 ] DEBUG FXGLAssetLoaderServi - Loading from file system: file:/C:/Users/HP/IdeaProjects/SistemaOperativo/build/resources/main/assets/textures/agujero_negro.png
13:33:39.361 [FXGL Background Thread 1 ] DEBUG FXGLAssetLoaderServi - Loading from file system: file:/C:/Users/HP/IdeaProjects/SistemaOperativo/build/resources/main/assets/textures/planeta2.png
13:33:39.471 [FXGL Background Thread 1 ] DEBUG FXGLAssetLoaderServi - Loading from file system: file:/C:/Users/HP/IdeaProjects/SistemaOperativo/build/resources/main/assets/textures/estacion_espacial.png
13:33:39.597 [FXGL Background Thread 1 ] DEBUG FXGLAssetLoaderServi - Loading from file system: file:/C:/Users/HP/IdeaProjects/SistemaOperativo/build/resources/main/assets/textures/fondo_original.png
13:33:40.076 [FXGL Background Thread 1 ] INFO  FXGLApplication      - Game initialization took: 3,413 sec
13:33:40.077 [JavaFX Application Thread] DEBUG Input                - Clearing active input actions
13:33:40.102 [JavaFX Application Thread] DEBUG GameApplicationServi - Removing overlay from FXGLLoadingScene and adding to GameScene
13:33:40.102 [JavaFX Application Thread] DEBUG PrimaryStageWindow   - FXGLLoadingScene -> GameScene
13:34:02.376 [JavaFX Application Thread] DEBUG FXGLApplication      - Exiting FXGL
13:34:02.376 [JavaFX Application Thread] DEBUG LoopRunner           - Stopping loop
13:34:02.376 [JavaFX Application Thread] DEBUG SystemBundleService  - Saving FXGL system data
13:34:02.404 [JavaFX Application Thread] DEBUG FileSystemAccess     - Writing to: C:\Users\HP\IdeaProjects\SistemaOperativo\system\fxgl.bundle
13:34:02.441 [JavaFX Application Thread] DEBUG Async                - Shutting down background threads
13:34:02.442 [JavaFX Application Thread] DEBUG PrimaryStageWindow   - Closing main window
13:34:02.496 [JavaFX Application Thread] DEBUG Logger               - Closing Logger
