14:29:00.636 [main                     ] DEBUG Logger               - Configured Logger
14:29:00.689 [main                     ] DEBUG GameApplication      - Logging settings
Title: Simulación SO - NASA Mode
Version: Sim v9.0
Width: 1280
Height: 720
Fullscreen: false
Intro: false
Profiling: false
Single step:false
App Mode: DEVELOPER
Menu Key: ESCAPE
Stage Style: DECORATED
Scene Factory: class main.SpaceOsApp$NasaSceneFactory

14:29:01.450 [JavaFX Application Thread] DEBUG FXGLApplication      - Initializing FXGL
14:29:01.457 [JavaFX Application Thread] INFO  Engine               - FXGL-21.1 (27.03.2024 07.52) on WINDOWS (J:21.0.9 FX:21.0.2)
14:29:01.457 [JavaFX Application Thread] DEBUG Engine               - JRE Vendor Name: Eclipse Adoptium
14:29:01.458 [JavaFX Application Thread] DEBUG Engine               - Running on OS: Windows 10 version 10.0
14:29:01.458 [JavaFX Application Thread] DEBUG Engine               - Architecture: amd64
14:29:01.458 [JavaFX Application Thread] INFO  Engine               - Source code and latest versions at: https://github.com/AlmasB/FXGL
14:29:01.458 [JavaFX Application Thread] INFO  Engine               -       Ask questions and discuss at: https://github.com/AlmasB/FXGL/discussions
14:29:01.459 [JavaFX Application Thread] INFO  Engine               -              Join the FXGL chat at: https://gitter.im/AlmasB/FXGL
14:29:01.776 [JavaFX Application Thread] DEBUG PrimaryStageWindow   - Creating a JavaFX scene
14:29:01.885 [JavaFX Application Thread] DEBUG PrimaryStageWindow   - Target settings size: 1280.0 x 720.0
14:29:01.887 [JavaFX Application Thread] DEBUG PrimaryStageWindow   - Scaled scene size:    1280.0 x 720.0
14:29:01.888 [JavaFX Application Thread] DEBUG PrimaryStageWindow   - Scaled ratio: (1.0, 1.0)
14:29:01.890 [JavaFX Application Thread] DEBUG PrimaryStageWindow   - Set initial scene to FXGLStartupScene
14:29:01.898 [JavaFX Application Thread] DEBUG PrimaryStageWindow   - Opening main window
14:29:02.131 [JavaFX Application Thread] DEBUG PrimaryStageWindow   - Window border size: (16.0, 39.0)
14:29:02.132 [JavaFX Application Thread] DEBUG PrimaryStageWindow   - Scaled size: 1280.0 x 720.0
14:29:02.132 [JavaFX Application Thread] DEBUG PrimaryStageWindow   - Scaled ratio: (1.0, 1.0)
14:29:02.133 [JavaFX Application Thread] DEBUG PrimaryStageWindow   - Scene size: 1280.0 x 720.0
14:29:02.133 [JavaFX Application Thread] DEBUG PrimaryStageWindow   - Stage size: 1296.0 x 759.0
14:29:02.229 [FXGL Background Thread 1 ] DEBUG Engine               - Initializing environment variables
14:29:02.359 [FXGL Background Thread 1 ] DEBUG FXGLAssetLoaderServi - User app class for loading assets: class main.SpaceOsApp
14:29:02.360 [FXGL Background Thread 1 ] DEBUG GameApplicationServi - Applying CSS: fxgl_dark.css
14:29:02.362 [FXGL Background Thread 1 ] DEBUG FXGLAssetLoaderServi - Loading from file system: jar:file:/C:/Users/HP/.gradle/caches/modules-2/files-2.1/com.github.almasb/fxgl/21.1/88c288ebc8641e470d974327703f09f8958e725d/fxgl-21.1.jar!/fxglassets/ui/css/fxgl_dark.css
14:29:02.466 [FXGL Background Thread 1 ] DEBUG GameApplicationServi - Initializing application scenes
14:29:02.662 [FXGL Background Thread 1 ] DEBUG GameWorld            - Game world initialized
14:29:02.800 [FXGL Background Thread 1 ] DEBUG PhysicsWorld         - Physics world initialized: appHeight=720, physics.ppm=50,0
14:29:02.800 [FXGL Background Thread 1 ] DEBUG PhysicsWorld         - Using strategy: BRUTE_FORCE
14:29:02.807 [FXGL Background Thread 1 ] DEBUG GameScene            - Game scene initialized: 1280x720
14:29:02.828 [FXGL Background Thread 1 ] DEBUG FXGL.DefaultMenu     - createMenuBodyGameMenu()
14:29:02.875 [FXGL Background Thread 1 ] DEBUG FXGL.DefaultMenu     - createOptionsMenu()
14:29:02.899 [FXGL Background Thread 1 ] DEBUG FXGLAssetLoaderServi - Loading from file system: jar:file:/C:/Users/HP/.gradle/caches/modules-2/files-2.1/com.github.almasb/fxgl/21.1/88c288ebc8641e470d974327703f09f8958e725d/fxgl-21.1.jar!/fxglassets/textures/particles/smoke.png
14:29:03.179 [FXGL Background Thread 1 ] DEBUG FXGLAssetLoaderServi - Loading from file system: jar:file:/C:/Users/HP/.gradle/caches/modules-2/files-2.1/com.github.almasb/fxgl/21.1/88c288ebc8641e470d974327703f09f8958e725d/fxgl-21.1.jar!/fxglassets/textures/particles/trace_horizontal.png
14:29:03.273 [FXGL Background Thread 1 ] DEBUG GameApplicationServi - Application scenes initialized
14:29:03.307 [FXGL Background Thread 1 ] DEBUG SystemBundleService  - Loading FXGL system data
14:29:03.329 [FXGL Background Thread 1 ] DEBUG FileSystemAccess     - Reading from: C:\Users\HP\IdeaProjects\SistemaOperativo\system\fxgl.bundle
14:29:03.383 [FXGL Background Thread 1 ] DEBUG SystemBundleService  - Bundle FXGL: {}
14:29:03.383 [FXGL Background Thread 1 ] DEBUG UpdaterService       - Checking for updates
14:29:03.404 [FXGL Background Thread 4 ] DEBUG FXGLApplication      - Loading fonts
14:29:03.405 [FXGL Background Thread 4 ] DEBUG FXGLAssetLoaderServi - Loading from file system: jar:file:/C:/Users/HP/.gradle/caches/modules-2/files-2.1/com.github.almasb/fxgl/21.1/88c288ebc8641e470d974327703f09f8958e725d/fxgl-21.1.jar!/fxglassets/ui/fonts/VarelaRound-Regular.ttf
14:29:03.408 [FXGL Background Thread 1 ] DEBUG FXGLApplication      - Loading default localization
14:29:03.411 [FXGL Background Thread 1 ] DEBUG FXGLAssetLoaderServi - Loading from file system: jar:file:/C:/Users/HP/.gradle/caches/modules-2/files-2.1/com.github.almasb/fxgl/21.1/88c288ebc8641e470d974327703f09f8958e725d/fxgl-21.1.jar!/fxglassets/languages/english.lang
14:29:03.480 [FXGL Background Thread 1 ] INFO  FXGLApplication      - FXGL initialization took: 1,251 sec
14:29:03.483 [JavaFX Application Thread] DEBUG FXGLAssetLoaderServi - Loading from file system: jar:file:/C:/Users/HP/.gradle/caches/modules-2/files-2.1/com.github.almasb/fxgl/21.1/88c288ebc8641e470d974327703f09f8958e725d/fxgl-21.1.jar!/fxglassets/textures/fxgl_icon.png
14:29:03.568 [JavaFX Application Thread] DEBUG FXGLAssetLoaderServi - Loading from file system: jar:file:/C:/Users/HP/.gradle/caches/modules-2/files-2.1/com.github.almasb/fxgl/21.1/88c288ebc8641e470d974327703f09f8958e725d/fxgl-21.1.jar!/fxglassets/textures/fxgl_default_cursor.png
14:29:03.690 [JavaFX Application Thread] DEBUG Input                - Registered new binding: Screenshot - CTRL+8
14:29:03.697 [JavaFX Application Thread] DEBUG Input                - Registered new binding: System info dump - CTRL+9
14:29:03.708 [JavaFX Application Thread] DEBUG Input                - Registered new binding: Restart - CTRL+R
14:29:03.714 [JavaFX Application Thread] DEBUG Input                - Registered new binding: Toggle Debug Camera - CTRL+7
14:29:03.737 [JavaFX Application Thread] DEBUG LoopRunner           - Starting loop
14:29:03.737 [JavaFX Application Thread] DEBUG LoopRunner           - Initializing JavaFX AnimationTimerLoop
14:29:03.737 [FXGL Background Thread 4 ] DEBUG FXGLAssetLoaderServi - Loading from file system: jar:file:/C:/Users/HP/.gradle/caches/modules-2/files-2.1/com.github.almasb/fxgl/21.1/88c288ebc8641e470d974327703f09f8958e725d/fxgl-21.1.jar!/fxglassets/ui/fonts/Abel-Regular.ttf
14:29:03.774 [FXGL Background Thread 4 ] DEBUG FXGLAssetLoaderServi - Loading from file system: jar:file:/C:/Users/HP/.gradle/caches/modules-2/files-2.1/com.github.almasb/fxgl/21.1/88c288ebc8641e470d974327703f09f8958e725d/fxgl-21.1.jar!/fxglassets/ui/fonts/TerminalLandMono-Regular.otf
14:29:03.775 [JavaFX Application Thread] DEBUG GameApplicationServi - Starting new game
14:29:03.776 [JavaFX Application Thread] DEBUG Input                - Clearing active input actions
14:29:03.818 [JavaFX Application Thread] DEBUG GameApplicationServi - Removing overlay from FXGLStartupScene and adding to NasaLoadingScene
14:29:03.819 [JavaFX Application Thread] DEBUG PrimaryStageWindow   - FXGLStartupScene -> NasaLoadingScene
14:29:03.819 [JavaFX Application Thread] DEBUG GameApplicationServi - Clearing previous game
14:29:03.819 [JavaFX Application Thread] DEBUG GameScene            - Clearing game scene
14:29:03.819 [JavaFX Application Thread] DEBUG GameWorld            - Clearing game world
14:29:03.819 [JavaFX Application Thread] DEBUG PhysicsWorld         - Clearing physics world
14:29:03.863 [FXGL Background Thread 1 ] DEBUG FXGLApplication      - Initializing game
14:29:03.875 [FXGL Background Thread 4 ] DEBUG FXGLAssetLoaderServi - Loading from file system: jar:file:/C:/Users/HP/.gradle/caches/modules-2/files-2.1/com.github.almasb/fxgl/21.1/88c288ebc8641e470d974327703f09f8958e725d/fxgl-21.1.jar!/fxglassets/ui/fonts/Courier-Prime.ttf
14:29:03.897 [FXGL Background Thread 1 ] DEBUG FXGLAssetLoaderServi - Loading from file system: file:/C:/Users/HP/IdeaProjects/SistemaOperativo/build/resources/main/assets/textures/sol.png
14:29:04.015 [JavaFX Application Thread] DEBUG FXGLApplication      - Registering font factories with UI factory
14:29:04.327 [FXGL Background Thread 1 ] DEBUG FXGLAssetLoaderServi - Loading from file system: file:/C:/Users/HP/IdeaProjects/SistemaOperativo/build/resources/main/assets/textures/planeta1.png
14:29:04.479 [FXGL Background Thread 1 ] DEBUG FXGLAssetLoaderServi - Loading from file system: file:/C:/Users/HP/IdeaProjects/SistemaOperativo/build/resources/main/assets/textures/agujero_negro.png
14:29:04.645 [FXGL Background Thread 1 ] DEBUG FXGLAssetLoaderServi - Loading from file system: file:/C:/Users/HP/IdeaProjects/SistemaOperativo/build/resources/main/assets/textures/planeta2.png
14:29:04.797 [FXGL Background Thread 1 ] DEBUG FXGLAssetLoaderServi - Loading from file system: file:/C:/Users/HP/IdeaProjects/SistemaOperativo/build/resources/main/assets/textures/estacion_espacial.png
14:29:04.908 [FXGL Background Thread 1 ] DEBUG FXGLAssetLoaderServi - Loading from file system: file:/C:/Users/HP/IdeaProjects/SistemaOperativo/build/resources/main/assets/textures/fondo_original.png
14:29:06.276 [FXGL Background Thread 1 ] INFO  FXGLApplication      - Game initialization took: 2,412 sec
14:29:06.276 [JavaFX Application Thread] DEBUG Input                - Clearing active input actions
14:29:06.294 [JavaFX Application Thread] DEBUG GameApplicationServi - Removing overlay from NasaLoadingScene and adding to GameScene
14:29:06.294 [JavaFX Application Thread] DEBUG PrimaryStageWindow   - NasaLoadingScene -> GameScene
14:29:06.392 [FXGL Background Thread 3 ] DEBUG Engine               - Logging environment variables
14:29:06.393 [FXGL Background Thread 3 ] DEBUG Engine               - achievements: []
14:29:06.393 [FXGL Background Thread 3 ] DEBUG Engine               - actualHeight: 720.0
14:29:06.393 [FXGL Background Thread 3 ] DEBUG Engine               - actualHeightProperty: ReadOnlyDoubleProperty [value: 720.0]
14:29:06.393 [FXGL Background Thread 3 ] DEBUG Engine               - actualWidth: 1280.0
14:29:06.393 [FXGL Background Thread 3 ] DEBUG Engine               - actualWidthProperty: ReadOnlyDoubleProperty [value: 1280.0]
14:29:06.393 [FXGL Background Thread 3 ] DEBUG Engine               - appIcon: fxgl_icon.png
14:29:06.393 [FXGL Background Thread 3 ] DEBUG Engine               - applicationMode: DEVELOPER
14:29:06.393 [FXGL Background Thread 3 ] DEBUG Engine               - cSSList: [fxgl_dark.css]
14:29:06.393 [FXGL Background Thread 3 ] DEBUG Engine               - collisionDetectionStrategy: BRUTE_FORCE
14:29:06.394 [FXGL Background Thread 3 ] DEBUG Engine               - configClass: Optional.empty
14:29:06.394 [FXGL Background Thread 3 ] DEBUG Engine               - credits: []
14:29:06.394 [FXGL Background Thread 3 ] DEBUG Engine               - defaultCursor: CursorInfo(imageName=fxgl_default_cursor.png, hotspotX=7.0, hotspotY=6.0)
14:29:06.394 [FXGL Background Thread 3 ] DEBUG Engine               - devBBoxColorProperty: ObjectProperty [value: 0xff0000ff]
14:29:06.394 [FXGL Background Thread 3 ] DEBUG Engine               - devEnableDebugCameraProperty: BooleanProperty [value: false]
14:29:06.394 [FXGL Background Thread 3 ] DEBUG Engine               - devSensorColorProperty: ObjectProperty [value: 0xffff00ff]
14:29:06.394 [FXGL Background Thread 3 ] DEBUG Engine               - devShowBBoxProperty: BooleanProperty [value: false]
14:29:06.395 [FXGL Background Thread 3 ] DEBUG Engine               - devShowPositionProperty: BooleanProperty [value: false]
14:29:06.409 [FXGL Background Thread 3 ] DEBUG Engine               - enabledMenuItems: []
14:29:06.409 [FXGL Background Thread 3 ] DEBUG Engine               - engineServices: [class com.almasb.fxgl.app.services.FXGLAssetLoaderService, class com.almasb.fxgl.app.FXGLApplication$GameApplicationService, class com.almasb.fxgl.app.services.FXGLDialogService, class com.almasb.fxgl.app.services.IOTaskExecutorService, class com.almasb.fxgl.io.FileSystemService, class com.almasb.fxgl.localization.LocalizationService, class com.almasb.fxgl.app.services.SystemBundleService, class com.almasb.fxgl.profile.SaveLoadService, class com.almasb.fxgl.ui.FXGLUIFactoryServiceProvider, class com.almasb.fxgl.ui.FXGLDialogFactoryServiceProvider, class com.almasb.fxgl.audio.AudioPlayer, class com.almasb.fxgl.notification.impl.NotificationServiceProvider, class com.almasb.fxgl.achievement.AchievementService, class com.almasb.fxgl.cutscene.CutsceneService, class com.almasb.fxgl.minigames.MiniGameService, class com.almasb.fxgl.net.NetService, class com.almasb.fxgl.app.services.UpdaterService, class com.almasb.fxgl.dev.DevService]
14:29:06.409 [FXGL Background Thread 3 ] DEBUG Engine               - fontGame: Abel-Regular.ttf
14:29:06.409 [FXGL Background Thread 3 ] DEBUG Engine               - fontMono: TerminalLandMono-Regular.otf
14:29:06.410 [FXGL Background Thread 3 ] DEBUG Engine               - fontSizeScaleUI: 1.0
14:29:06.410 [FXGL Background Thread 3 ] DEBUG Engine               - fontText: Courier-Prime.ttf
14:29:06.410 [FXGL Background Thread 3 ] DEBUG Engine               - fontUI: VarelaRound-Regular.ttf
14:29:06.410 [FXGL Background Thread 3 ] DEBUG Engine               - fullScreen: BooleanProperty [value: false]
14:29:06.410 [FXGL Background Thread 3 ] DEBUG Engine               - gameDifficulty: MEDIUM
14:29:06.410 [FXGL Background Thread 3 ] DEBUG Engine               - gameDifficultyProperty: ObjectProperty [value: MEDIUM]
14:29:06.410 [FXGL Background Thread 3 ] DEBUG Engine               - globalMusicVolume: 0.5
14:29:06.410 [FXGL Background Thread 3 ] DEBUG Engine               - globalMusicVolumeProperty: DoubleProperty [value: 0.5]
14:29:06.411 [FXGL Background Thread 3 ] DEBUG Engine               - globalSoundVolume: 0.5
14:29:06.411 [FXGL Background Thread 3 ] DEBUG Engine               - globalSoundVolumeProperty: DoubleProperty [value: 0.5]
14:29:06.411 [FXGL Background Thread 3 ] DEBUG Engine               - height: 720
14:29:06.411 [FXGL Background Thread 3 ] DEBUG Engine               - is3D: false
14:29:06.411 [FXGL Background Thread 3 ] DEBUG Engine               - isAndroid: false
14:29:06.411 [FXGL Background Thread 3 ] DEBUG Engine               - isBrowser: false
14:29:06.411 [FXGL Background Thread 3 ] DEBUG Engine               - isClickFeedbackEnabled: false
14:29:06.411 [FXGL Background Thread 3 ] DEBUG Engine               - isCloseConfirmation: false
14:29:06.412 [FXGL Background Thread 3 ] DEBUG Engine               - isDesktop: true
14:29:06.412 [FXGL Background Thread 3 ] DEBUG Engine               - isDeveloperMenuEnabled: false
14:29:06.412 [FXGL Background Thread 3 ] DEBUG Engine               - isEmbedded: false
14:29:06.412 [FXGL Background Thread 3 ] DEBUG Engine               - isEntityPreloadEnabled: true
14:29:06.412 [FXGL Background Thread 3 ] DEBUG Engine               - isExperimentalTiledLargeMap: false
14:29:06.412 [FXGL Background Thread 3 ] DEBUG Engine               - isFileSystemWriteAllowed: true
14:29:06.412 [FXGL Background Thread 3 ] DEBUG Engine               - isFullScreenAllowed: false
14:29:06.412 [FXGL Background Thread 3 ] DEBUG Engine               - isFullScreenFromStart: false
14:29:06.413 [FXGL Background Thread 3 ] DEBUG Engine               - isGameMenuEnabled: true
14:29:06.413 [FXGL Background Thread 3 ] DEBUG Engine               - isIOS: false
14:29:06.413 [FXGL Background Thread 3 ] DEBUG Engine               - isIntroEnabled: false
14:29:06.413 [FXGL Background Thread 3 ] DEBUG Engine               - isLinux: false
14:29:06.413 [FXGL Background Thread 3 ] DEBUG Engine               - isMac: false
14:29:06.413 [FXGL Background Thread 3 ] DEBUG Engine               - isMainMenuEnabled: false
14:29:06.413 [FXGL Background Thread 3 ] DEBUG Engine               - isManualResizeEnabled: false
14:29:06.413 [FXGL Background Thread 3 ] DEBUG Engine               - isMobile: false
14:29:06.413 [FXGL Background Thread 3 ] DEBUG Engine               - isNative: false
14:29:06.413 [FXGL Background Thread 3 ] DEBUG Engine               - isPauseMusicWhenMinimized: true
14:29:06.414 [FXGL Background Thread 3 ] DEBUG Engine               - isPreserveResizeRatio: false
14:29:06.414 [FXGL Background Thread 3 ] DEBUG Engine               - isProfilingEnabled: false
14:29:06.414 [FXGL Background Thread 3 ] DEBUG Engine               - isScaleAffectedOnResize: true
14:29:06.414 [FXGL Background Thread 3 ] DEBUG Engine               - isSingleStep: false
14:29:06.414 [FXGL Background Thread 3 ] DEBUG Engine               - isUserProfileEnabled: false
14:29:06.414 [FXGL Background Thread 3 ] DEBUG Engine               - isWindows: true
14:29:06.414 [FXGL Background Thread 3 ] DEBUG Engine               - language: ObjectProperty [value: ENGLISH]
14:29:06.414 [FXGL Background Thread 3 ] DEBUG Engine               - menuKey: ESCAPE
14:29:06.414 [FXGL Background Thread 3 ] DEBUG Engine               - mouseSensitivity: 0.2
14:29:06.415 [FXGL Background Thread 3 ] DEBUG Engine               - notificationViewClass: class com.almasb.fxgl.notification.view.XboxNotificationView
14:29:06.415 [FXGL Background Thread 3 ] DEBUG Engine               - pixelsPerMeter: 50.0
14:29:06.415 [FXGL Background Thread 3 ] DEBUG Engine               - platform: WINDOWS
14:29:06.415 [FXGL Background Thread 3 ] DEBUG Engine               - prefHeightProperty: ReadOnlyDoubleProperty [value: 720.0]
14:29:06.415 [FXGL Background Thread 3 ] DEBUG Engine               - prefWidthProperty: ReadOnlyDoubleProperty [value: 1280.0]
14:29:06.415 [FXGL Background Thread 3 ] DEBUG Engine               - profileDir: profiles/
14:29:06.415 [FXGL Background Thread 3 ] DEBUG Engine               - profileName: StringProperty [value: DEFAULT]
14:29:06.415 [FXGL Background Thread 3 ] DEBUG Engine               - randomSeed: -1
14:29:06.416 [FXGL Background Thread 3 ] DEBUG Engine               - runtimeInfo: RuntimeInfo(platform=WINDOWS, version=21.1, build=27.03.2024 07.52)
14:29:06.416 [FXGL Background Thread 3 ] DEBUG Engine               - saveFileExt: sav
14:29:06.416 [FXGL Background Thread 3 ] DEBUG Engine               - scaledHeightProp$fxgl: DoubleProperty [bound, value: 720.0]
14:29:06.416 [FXGL Background Thread 3 ] DEBUG Engine               - scaledWidthProp$fxgl: DoubleProperty [bound, value: 1280.0]
14:29:06.416 [FXGL Background Thread 3 ] DEBUG Engine               - sceneFactory: main.SpaceOsApp$NasaSceneFactory@73ce65d8
14:29:06.416 [FXGL Background Thread 3 ] DEBUG Engine               - secondsIn24h: 60
14:29:06.416 [FXGL Background Thread 3 ] DEBUG Engine               - soundMenuBack: menu/back.wav
14:29:06.416 [FXGL Background Thread 3 ] DEBUG Engine               - soundMenuPress: menu/press.wav
14:29:06.416 [FXGL Background Thread 3 ] DEBUG Engine               - soundMenuSelect: menu/select.wav
14:29:06.417 [FXGL Background Thread 3 ] DEBUG Engine               - soundNotification: core/notification.wav
14:29:06.417 [FXGL Background Thread 3 ] DEBUG Engine               - stageStyle: DECORATED
14:29:06.417 [FXGL Background Thread 3 ] DEBUG Engine               - supportedLanguages: [ENGLISH, FRENCH, GERMAN, HUNGARIAN, RUSSIAN]
14:29:06.417 [FXGL Background Thread 3 ] DEBUG Engine               - ticksPerSecond: -1
14:29:06.417 [FXGL Background Thread 3 ] DEBUG Engine               - title: Simulación SO - NASA Mode
14:29:06.417 [FXGL Background Thread 3 ] DEBUG Engine               - urlGithub: https://github.com/AlmasB/FXGL
14:29:06.417 [FXGL Background Thread 3 ] DEBUG Engine               - urlLeaderboard: http://fxgl-top.herokuapp.com/
14:29:06.417 [FXGL Background Thread 3 ] DEBUG Engine               - urlPOM: https://raw.githubusercontent.com/AlmasB/FXGL/release/README.md
14:29:06.417 [FXGL Background Thread 3 ] DEBUG Engine               - userAppClass: class main.SpaceOsApp
14:29:06.417 [FXGL Background Thread 3 ] DEBUG Engine               - version: Sim v9.0
14:29:06.417 [FXGL Background Thread 3 ] DEBUG Engine               - versionCheckDays: 7
14:29:06.418 [FXGL Background Thread 3 ] DEBUG Engine               - width: 1280
14:29:06.418 [FXGL Background Thread 3 ] DEBUG Engine               - Logging services
14:29:06.418 [FXGL Background Thread 3 ] DEBUG Engine               - class com.almasb.fxgl.app.services.FXGLAssetLoaderService
14:29:06.418 [FXGL Background Thread 3 ] DEBUG Engine               - class com.almasb.fxgl.app.FXGLApplication$GameApplicationService
14:29:06.418 [FXGL Background Thread 3 ] DEBUG Engine               - class com.almasb.fxgl.app.services.FXGLDialogService
14:29:06.418 [FXGL Background Thread 3 ] DEBUG Engine               - class com.almasb.fxgl.app.services.IOTaskExecutorService
14:29:06.418 [FXGL Background Thread 3 ] DEBUG Engine               - class com.almasb.fxgl.io.FileSystemService
14:29:06.418 [FXGL Background Thread 3 ] DEBUG Engine               - class com.almasb.fxgl.localization.LocalizationService
14:29:06.418 [FXGL Background Thread 3 ] DEBUG Engine               - class com.almasb.fxgl.app.services.SystemBundleService
14:29:06.418 [FXGL Background Thread 3 ] DEBUG Engine               - class com.almasb.fxgl.profile.SaveLoadService
14:29:06.419 [FXGL Background Thread 3 ] DEBUG Engine               - class com.almasb.fxgl.ui.FXGLUIFactoryServiceProvider
14:29:06.419 [FXGL Background Thread 3 ] DEBUG Engine               - class com.almasb.fxgl.ui.FXGLDialogFactoryServiceProvider
14:29:06.419 [FXGL Background Thread 3 ] DEBUG Engine               - class com.almasb.fxgl.audio.AudioPlayer
14:29:06.419 [FXGL Background Thread 3 ] DEBUG Engine               - class com.almasb.fxgl.notification.impl.NotificationServiceProvider
14:29:06.419 [FXGL Background Thread 3 ] DEBUG Engine               - class com.almasb.fxgl.achievement.AchievementService
14:29:06.419 [FXGL Background Thread 3 ] DEBUG Engine               - class com.almasb.fxgl.cutscene.CutsceneService
14:29:06.419 [FXGL Background Thread 3 ] DEBUG Engine               - class com.almasb.fxgl.minigames.MiniGameService
14:29:06.419 [FXGL Background Thread 3 ] DEBUG Engine               - class com.almasb.fxgl.net.NetService
14:29:06.419 [FXGL Background Thread 3 ] DEBUG Engine               - class com.almasb.fxgl.app.services.UpdaterService
14:29:06.419 [FXGL Background Thread 3 ] DEBUG Engine               - class com.almasb.fxgl.dev.DevService
14:29:13.515 [JavaFX Application Thread] DEBUG FXGLAssetLoaderServi - Loading from file system: file:/C:/Users/HP/IdeaProjects/SistemaOperativo/build/resources/main/assets/textures/nave_espacial.png
14:29:53.771 [JavaFX Application Thread] DEBUG FXGLApplication      - Exiting FXGL
14:29:53.772 [JavaFX Application Thread] DEBUG LoopRunner           - Stopping loop
14:29:53.772 [JavaFX Application Thread] DEBUG SystemBundleService  - Saving FXGL system data
14:29:53.857 [JavaFX Application Thread] DEBUG FileSystemAccess     - Writing to: C:\Users\HP\IdeaProjects\SistemaOperativo\system\fxgl.bundle
14:29:53.920 [JavaFX Application Thread] DEBUG Async                - Shutting down background threads
14:29:53.920 [JavaFX Application Thread] DEBUG PrimaryStageWindow   - Closing main window
14:29:54.085 [JavaFX Application Thread] DEBUG Logger               - Closing Logger
