15:19:41.707 [main                     ] DEBUG Logger               - Configured Logger
15:19:41.750 [main                     ] DEBUG GameApplication      - Logging settings
Title: Simulación SO - NASA Mode
Version: Sim v9.0
Width: 1280
Height: 720
Fullscreen: false
Intro: false
Profiling: false
Single step:false
App Mode: DEVELOPER
Menu Key: ESCAPE
Stage Style: DECORATED
Scene Factory: class main.SpaceOsApp$NasaSceneFactory

15:19:42.709 [JavaFX Application Thread] DEBUG FXGLApplication      - Initializing FXGL
15:19:42.719 [JavaFX Application Thread] INFO  Engine               - FXGL-21.1 (27.03.2024 07.52) on WINDOWS (J:21.0.9 FX:21.0.2)
15:19:42.719 [JavaFX Application Thread] DEBUG Engine               - JRE Vendor Name: Eclipse Adoptium
15:19:42.720 [JavaFX Application Thread] DEBUG Engine               - Running on OS: Windows 10 version 10.0
15:19:42.720 [JavaFX Application Thread] DEBUG Engine               - Architecture: amd64
15:19:42.720 [JavaFX Application Thread] INFO  Engine               - Source code and latest versions at: https://github.com/AlmasB/FXGL
15:19:42.721 [JavaFX Application Thread] INFO  Engine               -       Ask questions and discuss at: https://github.com/AlmasB/FXGL/discussions
15:19:42.721 [JavaFX Application Thread] INFO  Engine               -              Join the FXGL chat at: https://gitter.im/AlmasB/FXGL
15:19:43.097 [JavaFX Application Thread] DEBUG PrimaryStageWindow   - Creating a JavaFX scene
15:19:43.219 [JavaFX Application Thread] DEBUG PrimaryStageWindow   - Target settings size: 1280.0 x 720.0
15:19:43.220 [JavaFX Application Thread] DEBUG PrimaryStageWindow   - Scaled scene size:    1280.0 x 720.0
15:19:43.220 [JavaFX Application Thread] DEBUG PrimaryStageWindow   - Scaled ratio: (1.0, 1.0)
15:19:43.223 [JavaFX Application Thread] DEBUG PrimaryStageWindow   - Set initial scene to FXGLStartupScene
15:19:43.232 [JavaFX Application Thread] DEBUG PrimaryStageWindow   - Opening main window
15:19:43.668 [JavaFX Application Thread] DEBUG PrimaryStageWindow   - Window border size: (16.0, 39.0)
15:19:43.670 [JavaFX Application Thread] DEBUG PrimaryStageWindow   - Scaled size: 1280.0 x 720.0
15:19:43.671 [JavaFX Application Thread] DEBUG PrimaryStageWindow   - Scaled ratio: (1.0, 1.0)
15:19:43.672 [JavaFX Application Thread] DEBUG PrimaryStageWindow   - Scene size: 1280.0 x 720.0
15:19:43.672 [JavaFX Application Thread] DEBUG PrimaryStageWindow   - Stage size: 1296.0 x 759.0
15:19:43.692 [FXGL Background Thread 1 ] DEBUG Engine               - Initializing environment variables
15:19:43.843 [FXGL Background Thread 1 ] DEBUG FXGLAssetLoaderServi - User app class for loading assets: class main.SpaceOsApp
15:19:43.845 [FXGL Background Thread 1 ] DEBUG GameApplicationServi - Applying CSS: fxgl_dark.css
15:19:43.847 [FXGL Background Thread 1 ] DEBUG FXGLAssetLoaderServi - Loading from file system: jar:file:/C:/Users/HP/.gradle/caches/modules-2/files-2.1/com.github.almasb/fxgl/21.1/88c288ebc8641e470d974327703f09f8958e725d/fxgl-21.1.jar!/fxglassets/ui/css/fxgl_dark.css
15:19:43.982 [FXGL Background Thread 1 ] DEBUG GameApplicationServi - Initializing application scenes
15:19:44.407 [FXGL Background Thread 1 ] DEBUG GameWorld            - Game world initialized
15:19:44.497 [FXGL Background Thread 1 ] DEBUG PhysicsWorld         - Physics world initialized: appHeight=720, physics.ppm=50,0
15:19:44.497 [FXGL Background Thread 1 ] DEBUG PhysicsWorld         - Using strategy: BRUTE_FORCE
15:19:44.503 [FXGL Background Thread 1 ] DEBUG GameScene            - Game scene initialized: 1280x720
15:19:44.526 [FXGL Background Thread 1 ] DEBUG FXGL.DefaultMenu     - createMenuBodyGameMenu()
15:19:44.640 [FXGL Background Thread 1 ] DEBUG FXGL.DefaultMenu     - createOptionsMenu()
15:19:44.675 [FXGL Background Thread 1 ] DEBUG FXGLAssetLoaderServi - Loading from file system: jar:file:/C:/Users/HP/.gradle/caches/modules-2/files-2.1/com.github.almasb/fxgl/21.1/88c288ebc8641e470d974327703f09f8958e725d/fxgl-21.1.jar!/fxglassets/textures/particles/smoke.png
15:19:44.952 [FXGL Background Thread 1 ] DEBUG FXGLAssetLoaderServi - Loading from file system: jar:file:/C:/Users/HP/.gradle/caches/modules-2/files-2.1/com.github.almasb/fxgl/21.1/88c288ebc8641e470d974327703f09f8958e725d/fxgl-21.1.jar!/fxglassets/textures/particles/trace_horizontal.png
15:19:45.050 [FXGL Background Thread 1 ] DEBUG GameApplicationServi - Application scenes initialized
15:19:45.227 [FXGL Background Thread 1 ] DEBUG SystemBundleService  - Loading FXGL system data
15:19:45.315 [FXGL Background Thread 1 ] DEBUG FileSystemAccess     - Reading from: C:\Users\HP\IdeaProjects\SistemaOperativo\system\fxgl.bundle
15:19:45.646 [FXGL Background Thread 1 ] DEBUG SystemBundleService  - Bundle FXGL: {}
15:19:45.647 [FXGL Background Thread 1 ] DEBUG UpdaterService       - Checking for updates
15:19:45.655 [FXGL Background Thread 4 ] DEBUG FXGLApplication      - Loading fonts
15:19:45.733 [FXGL Background Thread 4 ] DEBUG FXGLAssetLoaderServi - Loading from file system: jar:file:/C:/Users/HP/.gradle/caches/modules-2/files-2.1/com.github.almasb/fxgl/21.1/88c288ebc8641e470d974327703f09f8958e725d/fxgl-21.1.jar!/fxglassets/ui/fonts/VarelaRound-Regular.ttf
15:19:45.734 [FXGL Background Thread 1 ] DEBUG FXGLApplication      - Loading default localization
15:19:45.787 [FXGL Background Thread 1 ] DEBUG FXGLAssetLoaderServi - Loading from file system: jar:file:/C:/Users/HP/.gradle/caches/modules-2/files-2.1/com.github.almasb/fxgl/21.1/88c288ebc8641e470d974327703f09f8958e725d/fxgl-21.1.jar!/fxglassets/languages/english.lang
15:19:46.436 [FXGL Background Thread 1 ] INFO  FXGLApplication      - FXGL initialization took: 2,744 sec
15:19:46.438 [JavaFX Application Thread] DEBUG FXGLAssetLoaderServi - Loading from file system: jar:file:/C:/Users/HP/.gradle/caches/modules-2/files-2.1/com.github.almasb/fxgl/21.1/88c288ebc8641e470d974327703f09f8958e725d/fxgl-21.1.jar!/fxglassets/textures/fxgl_icon.png
15:19:46.445 [FXGL Background Thread 4 ] DEBUG FXGLAssetLoaderServi - Loading from file system: jar:file:/C:/Users/HP/.gradle/caches/modules-2/files-2.1/com.github.almasb/fxgl/21.1/88c288ebc8641e470d974327703f09f8958e725d/fxgl-21.1.jar!/fxglassets/ui/fonts/Abel-Regular.ttf
15:19:46.569 [FXGL Background Thread 4 ] DEBUG FXGLAssetLoaderServi - Loading from file system: jar:file:/C:/Users/HP/.gradle/caches/modules-2/files-2.1/com.github.almasb/fxgl/21.1/88c288ebc8641e470d974327703f09f8958e725d/fxgl-21.1.jar!/fxglassets/ui/fonts/TerminalLandMono-Regular.otf
15:19:46.624 [FXGL Background Thread 4 ] DEBUG FXGLAssetLoaderServi - Loading from file system: jar:file:/C:/Users/HP/.gradle/caches/modules-2/files-2.1/com.github.almasb/fxgl/21.1/88c288ebc8641e470d974327703f09f8958e725d/fxgl-21.1.jar!/fxglassets/ui/fonts/Courier-Prime.ttf
15:19:46.725 [JavaFX Application Thread] DEBUG FXGLAssetLoaderServi - Loading from file system: jar:file:/C:/Users/HP/.gradle/caches/modules-2/files-2.1/com.github.almasb/fxgl/21.1/88c288ebc8641e470d974327703f09f8958e725d/fxgl-21.1.jar!/fxglassets/textures/fxgl_default_cursor.png
15:19:46.966 [JavaFX Application Thread] DEBUG Input                - Registered new binding: Screenshot - CTRL+8
15:19:46.968 [JavaFX Application Thread] DEBUG Input                - Registered new binding: System info dump - CTRL+9
15:19:46.968 [JavaFX Application Thread] DEBUG Input                - Registered new binding: Restart - CTRL+R
15:19:46.970 [JavaFX Application Thread] DEBUG Input                - Registered new binding: Toggle Debug Camera - CTRL+7
15:19:47.002 [JavaFX Application Thread] DEBUG LoopRunner           - Starting loop
15:19:47.003 [JavaFX Application Thread] DEBUG LoopRunner           - Initializing JavaFX AnimationTimerLoop
15:19:47.052 [JavaFX Application Thread] DEBUG GameApplicationServi - Starting new game
15:19:47.053 [JavaFX Application Thread] DEBUG Input                - Clearing active input actions
15:19:47.117 [JavaFX Application Thread] DEBUG GameApplicationServi - Removing overlay from FXGLStartupScene and adding to NasaLoadingScene
15:19:47.117 [JavaFX Application Thread] DEBUG PrimaryStageWindow   - FXGLStartupScene -> NasaLoadingScene
15:19:47.118 [JavaFX Application Thread] DEBUG GameApplicationServi - Clearing previous game
15:19:47.118 [JavaFX Application Thread] DEBUG GameScene            - Clearing game scene
15:19:47.118 [JavaFX Application Thread] DEBUG GameWorld            - Clearing game world
15:19:47.118 [JavaFX Application Thread] DEBUG PhysicsWorld         - Clearing physics world
15:19:47.120 [JavaFX Application Thread] DEBUG FXGLApplication      - Registering font factories with UI factory
15:19:47.138 [FXGL Background Thread 4 ] DEBUG FXGLAssetLoaderServi - Loading from file system: file:/C:/Users/HP/IdeaProjects/SistemaOperativo/build/resources/main/assets/textures/sol.png
15:19:47.409 [FXGL Background Thread 4 ] DEBUG FXGLAssetLoaderServi - Loading from file system: file:/C:/Users/HP/IdeaProjects/SistemaOperativo/build/resources/main/assets/textures/planetaReady.png
15:19:47.430 [FXGL Background Thread 4 ] DEBUG FXGLAssetLoaderServi - Loading from file system: file:/C:/Users/HP/IdeaProjects/SistemaOperativo/build/resources/main/assets/textures/agujero_negro.png
15:19:47.473 [FXGL Background Thread 4 ] DEBUG FXGLAssetLoaderServi - Loading from file system: file:/C:/Users/HP/IdeaProjects/SistemaOperativo/build/resources/main/assets/textures/planeta2.png
15:19:47.492 [FXGL Background Thread 4 ] DEBUG FXGLAssetLoaderServi - Loading from file system: file:/C:/Users/HP/IdeaProjects/SistemaOperativo/build/resources/main/assets/textures/estacion_espacial.png
15:19:47.527 [FXGL Background Thread 4 ] DEBUG FXGLAssetLoaderServi - Loading from file system: file:/C:/Users/HP/IdeaProjects/SistemaOperativo/build/resources/main/assets/textures/planeta1.png
15:19:47.557 [FXGL Background Thread 4 ] DEBUG FXGLAssetLoaderServi - Loading from file system: file:/C:/Users/HP/IdeaProjects/SistemaOperativo/build/resources/main/assets/textures/fondo_original.png
15:19:48.269 [FXGL Background Thread 4 ] INFO  FXGLApplication      - Game initialization took: 1,149 sec
15:19:48.270 [JavaFX Application Thread] DEBUG Input                - Clearing active input actions
15:19:48.296 [JavaFX Application Thread] DEBUG GameApplicationServi - Removing overlay from NasaLoadingScene and adding to GameScene
15:19:48.297 [JavaFX Application Thread] DEBUG PrimaryStageWindow   - NasaLoadingScene -> GameScene
15:19:48.652 [FXGL Background Thread 3 ] DEBUG Engine               - Logging environment variables
15:19:48.652 [FXGL Background Thread 3 ] DEBUG Engine               - achievements: []
15:19:48.653 [FXGL Background Thread 3 ] DEBUG Engine               - actualHeight: 720.0
15:19:48.653 [FXGL Background Thread 3 ] DEBUG Engine               - actualHeightProperty: ReadOnlyDoubleProperty [value: 720.0]
15:19:48.653 [FXGL Background Thread 3 ] DEBUG Engine               - actualWidth: 1280.0
15:19:48.653 [FXGL Background Thread 3 ] DEBUG Engine               - actualWidthProperty: ReadOnlyDoubleProperty [value: 1280.0]
15:19:48.653 [FXGL Background Thread 3 ] DEBUG Engine               - appIcon: fxgl_icon.png
15:19:48.653 [FXGL Background Thread 3 ] DEBUG Engine               - applicationMode: DEVELOPER
15:19:48.653 [FXGL Background Thread 3 ] DEBUG Engine               - cSSList: [fxgl_dark.css]
15:19:48.653 [FXGL Background Thread 3 ] DEBUG Engine               - collisionDetectionStrategy: BRUTE_FORCE
15:19:48.653 [FXGL Background Thread 3 ] DEBUG Engine               - configClass: Optional.empty
15:19:48.653 [FXGL Background Thread 3 ] DEBUG Engine               - credits: []
15:19:48.654 [FXGL Background Thread 3 ] DEBUG Engine               - defaultCursor: CursorInfo(imageName=fxgl_default_cursor.png, hotspotX=7.0, hotspotY=6.0)
15:19:48.654 [FXGL Background Thread 3 ] DEBUG Engine               - devBBoxColorProperty: ObjectProperty [value: 0xff0000ff]
15:19:48.654 [FXGL Background Thread 3 ] DEBUG Engine               - devEnableDebugCameraProperty: BooleanProperty [value: false]
15:19:48.654 [FXGL Background Thread 3 ] DEBUG Engine               - devSensorColorProperty: ObjectProperty [value: 0xffff00ff]
15:19:48.655 [FXGL Background Thread 3 ] DEBUG Engine               - devShowBBoxProperty: BooleanProperty [value: false]
15:19:48.655 [FXGL Background Thread 3 ] DEBUG Engine               - devShowPositionProperty: BooleanProperty [value: false]
15:19:48.724 [FXGL Background Thread 3 ] DEBUG Engine               - enabledMenuItems: []
15:19:48.724 [FXGL Background Thread 3 ] DEBUG Engine               - engineServices: [class com.almasb.fxgl.app.services.FXGLAssetLoaderService, class com.almasb.fxgl.app.FXGLApplication$GameApplicationService, class com.almasb.fxgl.app.services.FXGLDialogService, class com.almasb.fxgl.app.services.IOTaskExecutorService, class com.almasb.fxgl.io.FileSystemService, class com.almasb.fxgl.localization.LocalizationService, class com.almasb.fxgl.app.services.SystemBundleService, class com.almasb.fxgl.profile.SaveLoadService, class com.almasb.fxgl.ui.FXGLUIFactoryServiceProvider, class com.almasb.fxgl.ui.FXGLDialogFactoryServiceProvider, class com.almasb.fxgl.audio.AudioPlayer, class com.almasb.fxgl.notification.impl.NotificationServiceProvider, class com.almasb.fxgl.achievement.AchievementService, class com.almasb.fxgl.cutscene.CutsceneService, class com.almasb.fxgl.minigames.MiniGameService, class com.almasb.fxgl.net.NetService, class com.almasb.fxgl.app.services.UpdaterService, class com.almasb.fxgl.dev.DevService]
15:19:48.724 [FXGL Background Thread 3 ] DEBUG Engine               - fontGame: Abel-Regular.ttf
15:19:48.724 [FXGL Background Thread 3 ] DEBUG Engine               - fontMono: TerminalLandMono-Regular.otf
15:19:48.726 [FXGL Background Thread 3 ] DEBUG Engine               - fontSizeScaleUI: 1.0
15:19:48.726 [FXGL Background Thread 3 ] DEBUG Engine               - fontText: Courier-Prime.ttf
15:19:48.726 [FXGL Background Thread 3 ] DEBUG Engine               - fontUI: VarelaRound-Regular.ttf
15:19:48.726 [FXGL Background Thread 3 ] DEBUG Engine               - fullScreen: BooleanProperty [value: false]
15:19:48.726 [FXGL Background Thread 3 ] DEBUG Engine               - gameDifficulty: MEDIUM
15:19:48.726 [FXGL Background Thread 3 ] DEBUG Engine               - gameDifficultyProperty: ObjectProperty [value: MEDIUM]
15:19:48.726 [FXGL Background Thread 3 ] DEBUG Engine               - globalMusicVolume: 0.5
15:19:48.726 [FXGL Background Thread 3 ] DEBUG Engine               - globalMusicVolumeProperty: DoubleProperty [value: 0.5]
15:19:48.727 [FXGL Background Thread 3 ] DEBUG Engine               - globalSoundVolume: 0.5
15:19:48.727 [FXGL Background Thread 3 ] DEBUG Engine               - globalSoundVolumeProperty: DoubleProperty [value: 0.5]
15:19:48.727 [FXGL Background Thread 3 ] DEBUG Engine               - height: 720
15:19:48.727 [FXGL Background Thread 3 ] DEBUG Engine               - is3D: false
15:19:48.727 [FXGL Background Thread 3 ] DEBUG Engine               - isAndroid: false
15:19:48.727 [FXGL Background Thread 3 ] DEBUG Engine               - isBrowser: false
15:19:48.727 [FXGL Background Thread 3 ] DEBUG Engine               - isClickFeedbackEnabled: false
15:19:48.727 [FXGL Background Thread 3 ] DEBUG Engine               - isCloseConfirmation: false
15:19:48.727 [FXGL Background Thread 3 ] DEBUG Engine               - isDesktop: true
15:19:48.727 [FXGL Background Thread 3 ] DEBUG Engine               - isDeveloperMenuEnabled: false
15:19:48.728 [FXGL Background Thread 3 ] DEBUG Engine               - isEmbedded: false
15:19:48.728 [FXGL Background Thread 3 ] DEBUG Engine               - isEntityPreloadEnabled: true
15:19:48.728 [FXGL Background Thread 3 ] DEBUG Engine               - isExperimentalTiledLargeMap: false
15:19:48.728 [FXGL Background Thread 3 ] DEBUG Engine               - isFileSystemWriteAllowed: true
15:19:48.728 [FXGL Background Thread 3 ] DEBUG Engine               - isFullScreenAllowed: false
15:19:48.728 [FXGL Background Thread 3 ] DEBUG Engine               - isFullScreenFromStart: false
15:19:48.728 [FXGL Background Thread 3 ] DEBUG Engine               - isGameMenuEnabled: true
15:19:48.728 [FXGL Background Thread 3 ] DEBUG Engine               - isIOS: false
15:19:48.728 [FXGL Background Thread 3 ] DEBUG Engine               - isIntroEnabled: false
15:19:48.729 [FXGL Background Thread 3 ] DEBUG Engine               - isLinux: false
15:19:48.729 [FXGL Background Thread 3 ] DEBUG Engine               - isMac: false
15:19:48.729 [FXGL Background Thread 3 ] DEBUG Engine               - isMainMenuEnabled: false
15:19:48.729 [FXGL Background Thread 3 ] DEBUG Engine               - isManualResizeEnabled: false
15:19:48.729 [FXGL Background Thread 3 ] DEBUG Engine               - isMobile: false
15:19:48.729 [FXGL Background Thread 3 ] DEBUG Engine               - isNative: false
15:19:48.729 [FXGL Background Thread 3 ] DEBUG Engine               - isPauseMusicWhenMinimized: true
15:19:48.729 [FXGL Background Thread 3 ] DEBUG Engine               - isPreserveResizeRatio: false
15:19:48.730 [FXGL Background Thread 3 ] DEBUG Engine               - isProfilingEnabled: false
15:19:48.730 [FXGL Background Thread 3 ] DEBUG Engine               - isScaleAffectedOnResize: true
15:19:48.730 [FXGL Background Thread 3 ] DEBUG Engine               - isSingleStep: false
15:19:48.730 [FXGL Background Thread 3 ] DEBUG Engine               - isUserProfileEnabled: false
15:19:48.730 [FXGL Background Thread 3 ] DEBUG Engine               - isWindows: true
15:19:48.730 [FXGL Background Thread 3 ] DEBUG Engine               - language: ObjectProperty [value: ENGLISH]
15:19:48.730 [FXGL Background Thread 3 ] DEBUG Engine               - menuKey: ESCAPE
15:19:48.730 [FXGL Background Thread 3 ] DEBUG Engine               - mouseSensitivity: 0.2
15:19:48.730 [FXGL Background Thread 3 ] DEBUG Engine               - notificationViewClass: class com.almasb.fxgl.notification.view.XboxNotificationView
15:19:48.730 [FXGL Background Thread 3 ] DEBUG Engine               - pixelsPerMeter: 50.0
15:19:48.730 [FXGL Background Thread 3 ] DEBUG Engine               - platform: WINDOWS
15:19:48.730 [FXGL Background Thread 3 ] DEBUG Engine               - prefHeightProperty: ReadOnlyDoubleProperty [value: 720.0]
15:19:48.730 [FXGL Background Thread 3 ] DEBUG Engine               - prefWidthProperty: ReadOnlyDoubleProperty [value: 1280.0]
15:19:48.731 [FXGL Background Thread 3 ] DEBUG Engine               - profileDir: profiles/
15:19:48.731 [FXGL Background Thread 3 ] DEBUG Engine               - profileName: StringProperty [value: DEFAULT]
15:19:48.731 [FXGL Background Thread 3 ] DEBUG Engine               - randomSeed: -1
15:19:48.731 [FXGL Background Thread 3 ] DEBUG Engine               - runtimeInfo: RuntimeInfo(platform=WINDOWS, version=21.1, build=27.03.2024 07.52)
15:19:48.731 [FXGL Background Thread 3 ] DEBUG Engine               - saveFileExt: sav
15:19:48.731 [FXGL Background Thread 3 ] DEBUG Engine               - scaledHeightProp$fxgl: DoubleProperty [bound, value: 720.0]
15:19:48.732 [FXGL Background Thread 3 ] DEBUG Engine               - scaledWidthProp$fxgl: DoubleProperty [bound, value: 1280.0]
15:19:48.735 [FXGL Background Thread 3 ] DEBUG Engine               - sceneFactory: main.SpaceOsApp$NasaSceneFactory@2ff04960
15:19:48.735 [FXGL Background Thread 3 ] DEBUG Engine               - secondsIn24h: 60
15:19:48.735 [FXGL Background Thread 3 ] DEBUG Engine               - soundMenuBack: menu/back.wav
15:19:48.735 [FXGL Background Thread 3 ] DEBUG Engine               - soundMenuPress: menu/press.wav
15:19:48.735 [FXGL Background Thread 3 ] DEBUG Engine               - soundMenuSelect: menu/select.wav
15:19:48.735 [FXGL Background Thread 3 ] DEBUG Engine               - soundNotification: core/notification.wav
15:19:48.735 [FXGL Background Thread 3 ] DEBUG Engine               - stageStyle: DECORATED
15:19:48.735 [FXGL Background Thread 3 ] DEBUG Engine               - supportedLanguages: [ENGLISH, FRENCH, GERMAN, HUNGARIAN, RUSSIAN]
15:19:48.735 [FXGL Background Thread 3 ] DEBUG Engine               - ticksPerSecond: -1
15:19:48.735 [FXGL Background Thread 3 ] DEBUG Engine               - title: Simulación SO - NASA Mode
15:19:48.735 [FXGL Background Thread 3 ] DEBUG Engine               - urlGithub: https://github.com/AlmasB/FXGL
15:19:48.736 [FXGL Background Thread 3 ] DEBUG Engine               - urlLeaderboard: http://fxgl-top.herokuapp.com/
15:19:48.736 [FXGL Background Thread 3 ] DEBUG Engine               - urlPOM: https://raw.githubusercontent.com/AlmasB/FXGL/release/README.md
15:19:48.736 [FXGL Background Thread 3 ] DEBUG Engine               - userAppClass: class main.SpaceOsApp
15:19:48.736 [FXGL Background Thread 3 ] DEBUG Engine               - version: Sim v9.0
15:19:48.736 [FXGL Background Thread 3 ] DEBUG Engine               - versionCheckDays: 7
15:19:48.736 [FXGL Background Thread 3 ] DEBUG Engine               - width: 1280
15:19:48.736 [FXGL Background Thread 3 ] DEBUG Engine               - Logging services
15:19:48.736 [FXGL Background Thread 3 ] DEBUG Engine               - class com.almasb.fxgl.app.services.FXGLAssetLoaderService
15:19:48.736 [FXGL Background Thread 3 ] DEBUG Engine               - class com.almasb.fxgl.app.FXGLApplication$GameApplicationService
15:19:48.736 [FXGL Background Thread 3 ] DEBUG Engine               - class com.almasb.fxgl.app.services.FXGLDialogService
15:19:48.736 [FXGL Background Thread 3 ] DEBUG Engine               - class com.almasb.fxgl.app.services.IOTaskExecutorService
15:19:48.736 [FXGL Background Thread 3 ] DEBUG Engine               - class com.almasb.fxgl.io.FileSystemService
15:19:48.736 [FXGL Background Thread 3 ] DEBUG Engine               - class com.almasb.fxgl.localization.LocalizationService
15:19:48.736 [FXGL Background Thread 3 ] DEBUG Engine               - class com.almasb.fxgl.app.services.SystemBundleService
15:19:48.736 [FXGL Background Thread 3 ] DEBUG Engine               - class com.almasb.fxgl.profile.SaveLoadService
15:19:48.737 [FXGL Background Thread 3 ] DEBUG Engine               - class com.almasb.fxgl.ui.FXGLUIFactoryServiceProvider
15:19:48.737 [FXGL Background Thread 3 ] DEBUG Engine               - class com.almasb.fxgl.ui.FXGLDialogFactoryServiceProvider
15:19:48.737 [FXGL Background Thread 3 ] DEBUG Engine               - class com.almasb.fxgl.audio.AudioPlayer
15:19:48.737 [FXGL Background Thread 3 ] DEBUG Engine               - class com.almasb.fxgl.notification.impl.NotificationServiceProvider
15:19:48.737 [FXGL Background Thread 3 ] DEBUG Engine               - class com.almasb.fxgl.achievement.AchievementService
15:19:48.737 [FXGL Background Thread 3 ] DEBUG Engine               - class com.almasb.fxgl.cutscene.CutsceneService
15:19:48.737 [FXGL Background Thread 3 ] DEBUG Engine               - class com.almasb.fxgl.minigames.MiniGameService
15:19:48.737 [FXGL Background Thread 3 ] DEBUG Engine               - class com.almasb.fxgl.net.NetService
15:19:48.737 [FXGL Background Thread 3 ] DEBUG Engine               - class com.almasb.fxgl.app.services.UpdaterService
15:19:48.737 [FXGL Background Thread 3 ] DEBUG Engine               - class com.almasb.fxgl.dev.DevService
15:20:11.324 [JavaFX Application Thread] DEBUG FXGLAssetLoaderServi - Loading from file system: file:/C:/Users/HP/IdeaProjects/SistemaOperativo/build/resources/main/assets/textures/nave_espacial.png
15:20:25.920 [JavaFX Application Thread] DEBUG LoopRunner           - Pausing loop
15:21:33.566 [JavaFX Application Thread] DEBUG LoopRunner           - Resuming loop
15:22:08.247 [JavaFX Application Thread] DEBUG FXGLApplication      - Exiting FXGL
15:22:08.247 [JavaFX Application Thread] DEBUG LoopRunner           - Stopping loop
15:22:08.247 [JavaFX Application Thread] DEBUG SystemBundleService  - Saving FXGL system data
15:22:08.286 [JavaFX Application Thread] DEBUG FileSystemAccess     - Writing to: C:\Users\HP\IdeaProjects\SistemaOperativo\system\fxgl.bundle
15:22:08.349 [JavaFX Application Thread] DEBUG Async                - Shutting down background threads
15:22:08.350 [JavaFX Application Thread] DEBUG PrimaryStageWindow   - Closing main window
15:22:08.485 [JavaFX Application Thread] DEBUG Logger               - Closing Logger
